[0.334s] Invoking command in '/home/t-lemmel/Aquabot_Tom/build/example_system': CMAKE_PREFIX_PATH=${CMAKE_PREFIX_PATH}:/opt/ros/humble PS1_ori=\[\e]0;\u@\h: \w\a\]${debian_chroot:+($debian_chroot)}\[\033[01;32m\]\u@\h\[\033[00m\]:\[\033[01;34m\]\w\[\033[00m\]\$ /usr/bin/cmake --build /home/t-lemmel/Aquabot_Tom/build/example_system -- -j8 -l8
[0.391s] -- Found ament_cmake: 1.3.5 (/opt/ros/humble/share/ament_cmake/cmake)
[0.612s] -- Override CMake install command with custom implementation using symlinks instead of copying resources
[0.650s] -- Found rclcpp: 16.0.6 (/opt/ros/humble/share/rclcpp/cmake)
[0.701s] -- Found rosidl_generator_c: 3.1.5 (/opt/ros/humble/share/rosidl_generator_c/cmake)
[0.704s] -- Found rosidl_adapter: 3.1.5 (/opt/ros/humble/share/rosidl_adapter/cmake)
[0.712s] -- Found rosidl_generator_cpp: 3.1.5 (/opt/ros/humble/share/rosidl_generator_cpp/cmake)
[0.728s] -- Using all available rosidl_typesupport_c: rosidl_typesupport_fastrtps_c;rosidl_typesupport_introspection_c
[0.749s] -- Using all available rosidl_typesupport_cpp: rosidl_typesupport_fastrtps_cpp;rosidl_typesupport_introspection_cpp
[0.829s] -- Found rmw_implementation_cmake: 6.1.1 (/opt/ros/humble/share/rmw_implementation_cmake/cmake)
[0.831s] -- Found rmw_fastrtps_cpp: 6.2.4 (/opt/ros/humble/share/rmw_fastrtps_cpp/cmake)
[0.997s] -- Using RMW implementation 'rmw_fastrtps_cpp' as default
[1.219s] -- Found ament_lint_auto: 0.12.8 (/opt/ros/humble/share/ament_lint_auto/cmake)
[1.320s] -- Added test 'cppcheck' to perform static code analysis on C / C++ code
[1.320s] -- Configured cppcheck include dirs: $<BUILD_INTERFACE:/home/t-lemmel/Aquabot_Tom/src/ros2_pid_library/example_system/include>
[1.320s] -- Configured cppcheck exclude dirs and/or files: 
[1.321s] -- Added test 'flake8' to check Python code syntax and style conventions
[1.321s] -- Added test 'lint_cmake' to check CMake code style
[1.321s] -- Added test 'pep257' to check Python code against some of the docstring style conventions in PEP 257
[1.322s] -- Added test 'uncrustify' to check C / C++ code style
[1.322s] -- Configured uncrustify additional arguments: 
[1.323s] -- Added test 'xmllint' to check XML markup files
[1.324s] -- Configuring done
[1.358s] -- Generating done
[1.360s] -- Build files have been written to: /home/t-lemmel/Aquabot_Tom/build/example_system
[1.395s] [35m[1mConsolidate compiler generated dependencies of target example_system[0m
[1.409s] [ 25%] [32mBuilding CXX object CMakeFiles/state_publisher.dir/src/state_publisher.cpp.o[0m
[1.420s] [ 75%] Built target example_system
[4.129s] [01m[K/home/t-lemmel/Aquabot_Tom/src/ros2_pid_library/example_system/src/state_publisher.cpp:[m[K In function â€˜[01m[Kint main(int, char**)[m[Kâ€™:
[4.129s] [01m[K/home/t-lemmel/Aquabot_Tom/src/ros2_pid_library/example_system/src/state_publisher.cpp:12:65:[m[K [01;31m[Kerror: [m[Kâ€˜[01m[Kmsg_publisher[m[Kâ€™ is not a member of â€˜[01m[Kstd_msgs[m[Kâ€™
[4.129s]    12 |     auto publisher = node_publisher->create_publisher<std_msgs::[01;31m[Kmsg_publisher[m[K::Float64>("state_topic", 10);
[4.129s]       |                                                                 [01;31m[K^~~~~~~~~~~~~[m[K
[4.129s] [01m[K/home/t-lemmel/Aquabot_Tom/src/ros2_pid_library/example_system/src/state_publisher.cpp:12:38:[m[K [01;31m[Kerror: [m[Kparse error in template argument list
[4.129s]    12 |     auto publisher = node_publisher->[01;31m[Kcreate_publisher<std_msgs::msg_publisher::Float64>[m[K("state_topic", 10);
[4.129s]       |                                      [01;31m[K^~~~~~~~~~~~~~~~~~~~~~~~~~~~~~~~~~~~~~~~~~~~~~~~~~[m[K
[4.130s] [01m[K/home/t-lemmel/Aquabot_Tom/src/ros2_pid_library/example_system/src/state_publisher.cpp:12:88:[m[K [01;31m[Kerror: [m[Kno matching function for call to â€˜[01m[Krclcpp::Node::create_publisher<<expression error> >(const char [12], int)[m[Kâ€™
[4.130s]    12 |     auto publisher = [01;31m[Knode_publisher->create_publisher<std_msgs::msg_publisher::Float64>("state_topic", 10)[m[K;
[4.130s]       |                      [01;31m[K~~~~~~~~~~~~~~~~~~~~~~~~~~~~~~~~~~~~~~~~~~~~~~~~~~~~~~~~~~~~~~~~~~^~~~~~~~~~~~~~~~~~~[m[K
[4.130s] In file included from [01m[K/opt/ros/humble/include/rclcpp/rclcpp/executors/single_threaded_executor.hpp:28[m[K,
[4.130s]                  from [01m[K/opt/ros/humble/include/rclcpp/rclcpp/executors.hpp:22[m[K,
[4.130s]                  from [01m[K/opt/ros/humble/include/rclcpp/rclcpp/rclcpp.hpp:155[m[K,
[4.130s]                  from [01m[K/home/t-lemmel/Aquabot_Tom/src/ros2_pid_library/example_system/src/state_publisher.cpp:1[m[K:
[4.130s] [01m[K/opt/ros/humble/include/rclcpp/rclcpp/node.hpp:195:3:[m[K [01;36m[Knote: [m[Kcandidate: â€˜[01m[Ktemplate<class MessageT, class AllocatorT, class PublisherT> std::shared_ptr<PublisherT> rclcpp::Node::create_publisher(const string&, const rclcpp::QoS&, const rclcpp::PublisherOptionsWithAllocator<AllocatorT>&)[m[Kâ€™
[4.131s]   195 |   [01;36m[Kcreate_publisher[m[K(
[4.131s]       |   [01;36m[K^~~~~~~~~~~~~~~~[m[K
[4.131s] [01m[K/opt/ros/humble/include/rclcpp/rclcpp/node.hpp:195:3:[m[K [01;36m[Knote: [m[K  template argument deduction/substitution failed:
[4.131s] [01m[K/home/t-lemmel/Aquabot_Tom/src/ros2_pid_library/example_system/src/state_publisher.cpp:12:88:[m[K [01;31m[Kerror: [m[Ktemplate argument 1 is invalid
[4.131s]    12 |     auto publisher = [01;31m[Knode_publisher->create_publisher<std_msgs::msg_publisher::Float64>("state_topic", 10)[m[K;
[4.131s]       |                      [01;31m[K~~~~~~~~~~~~~~~~~~~~~~~~~~~~~~~~~~~~~~~~~~~~~~~~~~~~~~~~~~~~~~~~~~^~~~~~~~~~~~~~~~~~~[m[K
[4.131s] [01m[K/home/t-lemmel/Aquabot_Tom/src/ros2_pid_library/example_system/src/state_publisher.cpp:15:72:[m[K [01;31m[Kerror: [m[Kâ€˜[01m[Kmsg_subscriber[m[Kâ€™ is not a member of â€˜[01m[Kstd_msgs[m[Kâ€™
[4.131s]    15 |     auto subscription = node_subscriber->create_subscription<std_msgs::[01;31m[Kmsg_subscriber[m[K::Float64>(
[4.132s]       |                                                                        [01;31m[K^~~~~~~~~~~~~~[m[K
[4.132s] [01m[K/home/t-lemmel/Aquabot_Tom/src/ros2_pid_library/example_system/src/state_publisher.cpp:15:42:[m[K [01;31m[Kerror: [m[Kparse error in template argument list
[4.132s]    15 |     auto subscription = node_subscriber->[01;31m[Kcreate_subscription<std_msgs::msg_subscriber::Float64>[m[K(
[4.132s]       |                                          [01;31m[K^~~~~~~~~~~~~~~~~~~~~~~~~~~~~~~~~~~~~~~~~~~~~~~~~~~~~~[m[K
[4.132s] [01m[K/home/t-lemmel/Aquabot_Tom/src/ros2_pid_library/example_system/src/state_publisher.cpp:15:96:[m[K [01;31m[Kerror: [m[Kno matching function for call to â€˜[01m[Krclcpp::Node::create_subscription<<expression error> >(const char [47], int, void (&)(std_msgs::msg::Float64_<std::allocator<void> >::SharedPtr))[m[Kâ€™
[4.132s]    15 |     auto subscription = [01;31m[Knode_subscriber->create_subscription<std_msgs::msg_subscriber::Float64>([m[K
[4.132s]       |                         [01;31m[K~~~~~~~~~~~~~~~~~~~~~~~~~~~~~~~~~~~~~~~~~~~~~~~~~~~~~~~~~~~~~~~~~~~~~~~^[m[K
[4.132s]    16 | [01;31m[K        "/wamv/sensors/acoustics/receiver/range_bearing",[m[K
[4.133s]       |         [01;31m[K~~~~~~~~~~~~~~~~~~~~~~~~~~~~~~~~~~~~~~~~~~~~~~~~~[m[K                                       
[4.133s]    17 | [01;31m[K        10,[m[K
[4.133s]       |         [01;31m[K~~~[m[K                                                                                     
[4.133s]    18 | [01;31m[K        messageCallback[m[K
[4.133s]       |         [01;31m[K~~~~~~~~~~~~~~~[m[K                                                                         
[4.133s]    19 | [01;31m[K    )[m[K;
[4.133s]       |     [01;31m[K~[m[K                                                                                           
[4.133s] In file included from [01m[K/opt/ros/humble/include/rclcpp/rclcpp/executors/single_threaded_executor.hpp:28[m[K,
[4.133s]                  from [01m[K/opt/ros/humble/include/rclcpp/rclcpp/executors.hpp:22[m[K,
[4.133s]                  from [01m[K/opt/ros/humble/include/rclcpp/rclcpp/rclcpp.hpp:155[m[K,
[4.133s]                  from [01m[K/home/t-lemmel/Aquabot_Tom/src/ros2_pid_library/example_system/src/state_publisher.cpp:1[m[K:
[4.133s] [01m[K/opt/ros/humble/include/rclcpp/rclcpp/node.hpp:219:3:[m[K [01;36m[Knote: [m[Kcandidate: â€˜[01m[Ktemplate<class MessageT, class CallbackT, class AllocatorT, class SubscriptionT, class MessageMemoryStrategyT> std::shared_ptr<ROSMessageT> rclcpp::Node::create_subscription(const string&, const rclcpp::QoS&, CallbackT&&, const rclcpp::SubscriptionOptionsWithAllocator<AllocatorT>&, typename MessageMemoryStrategyT::SharedPtr)[m[Kâ€™
[4.133s]   219 |   [01;36m[Kcreate_subscription[m[K(
[4.134s]       |   [01;36m[K^~~~~~~~~~~~~~~~~~~[m[K
[4.134s] [01m[K/opt/ros/humble/include/rclcpp/rclcpp/node.hpp:219:3:[m[K [01;36m[Knote: [m[K  template argument deduction/substitution failed:
[4.134s] [01m[K/home/t-lemmel/Aquabot_Tom/src/ros2_pid_library/example_system/src/state_publisher.cpp:15:96:[m[K [01;31m[Kerror: [m[Ktemplate argument 1 is invalid
[4.134s]    15 |     auto subscription = [01;31m[Knode_subscriber->create_subscription<std_msgs::msg_subscriber::Float64>([m[K
[4.134s]       |                         [01;31m[K~~~~~~~~~~~~~~~~~~~~~~~~~~~~~~~~~~~~~~~~~~~~~~~~~~~~~~~~~~~~~~~~~~~~~~~^[m[K
[4.134s]    16 | [01;31m[K        "/wamv/sensors/acoustics/receiver/range_bearing",[m[K
[4.134s]       |         [01;31m[K~~~~~~~~~~~~~~~~~~~~~~~~~~~~~~~~~~~~~~~~~~~~~~~~~[m[K                                       
[4.134s]    17 | [01;31m[K        10,[m[K
[4.134s]       |         [01;31m[K~~~[m[K                                                                                     
[4.134s]    18 | [01;31m[K        messageCallback[m[K
[4.134s]       |         [01;31m[K~~~~~~~~~~~~~~~[m[K                                                                         
[4.134s]    19 | [01;31m[K    )[m[K;
[4.134s]       |     [01;31m[K~[m[K                                                                                           
[4.135s] [01m[K/home/t-lemmel/Aquabot_Tom/src/ros2_pid_library/example_system/src/state_publisher.cpp:28:23:[m[K [01;31m[Kerror: [m[Kâ€˜[01m[Kmsg_subscriber[m[Kâ€™ was not declared in this scope; did you mean â€˜[01m[Knode_subscriber[m[Kâ€™?
[4.135s]    28 |         message.data= [01;31m[Kmsg_subscriber[m[K.bearing;; // Replace with your desired float64 value
[4.135s]       |                       [01;31m[K^~~~~~~~~~~~~~[m[K
[4.135s]       |                       [32m[Knode_subscriber[m[K
[4.137s] In file included from [01m[K/opt/ros/humble/include/rclcpp/rclcpp/client.hpp:40[m[K,
[4.137s]                  from [01m[K/opt/ros/humble/include/rclcpp/rclcpp/callback_group.hpp:24[m[K,
[4.138s]                  from [01m[K/opt/ros/humble/include/rclcpp/rclcpp/any_executable.hpp:20[m[K,
[4.138s]                  from [01m[K/opt/ros/humble/include/rclcpp/rclcpp/memory_strategy.hpp:25[m[K,
[4.138s]                  from [01m[K/opt/ros/humble/include/rclcpp/rclcpp/memory_strategies.hpp:18[m[K,
[4.138s]                  from [01m[K/opt/ros/humble/include/rclcpp/rclcpp/executor_options.hpp:20[m[K,
[4.138s]                  from [01m[K/opt/ros/humble/include/rclcpp/rclcpp/executor.hpp:37[m[K,
[4.138s]                  from [01m[K/opt/ros/humble/include/rclcpp/rclcpp/executors/multi_threaded_executor.hpp:25[m[K,
[4.138s]                  from [01m[K/opt/ros/humble/include/rclcpp/rclcpp/executors.hpp:21[m[K,
[4.138s]                  from [01m[K/opt/ros/humble/include/rclcpp/rclcpp/rclcpp.hpp:155[m[K,
[4.138s]                  from [01m[K/home/t-lemmel/Aquabot_Tom/src/ros2_pid_library/example_system/src/state_publisher.cpp:1[m[K:
[4.138s] [01m[K/home/t-lemmel/Aquabot_Tom/src/ros2_pid_library/example_system/src/state_publisher.cpp:29:21:[m[K [01;31m[Kerror: [m[Kâ€˜[01m[Knode[m[Kâ€™ was not declared in this scope
[4.138s]    29 |         RCLCPP_INFO([01;31m[Knode[m[K->get_logger(), "Publish: %.2f", message.data);
[4.138s]       |                     [01;31m[K^~~~[m[K
[4.138s] [01m[K/home/t-lemmel/Aquabot_Tom/src/ros2_pid_library/example_system/src/state_publisher.cpp:29:9:[m[K [01;31m[Kerror: [m[Ktemplate argument 1 is invalid
[4.138s]    29 |         [01;31m[KRCLCPP_INFO[m[K(node->get_logger(), "Publish: %.2f", message.data);
[4.139s]       |         [01;31m[K^~~~~~~~~~~[m[K
[4.170s] [01m[K/home/t-lemmel/Aquabot_Tom/src/ros2_pid_library/example_system/src/state_publisher.cpp:29:9:[m[K [01;31m[Kerror: [m[Kâ€˜[01m[K<declaration error>[m[Kâ€™ is not a template [[01;31m[K]8;;https://gcc.gnu.org/onlinedocs/gcc/Warning-Options.html#index-fpermissive-fpermissive]8;;[m[K]
[4.171s]    29 |         [01;31m[KRCLCPP_INFO[m[K(node->get_logger(), "Publish: %.2f", message.data);
[4.171s]       |         [01;31m[K^~~~~~~~~~~[m[K
[4.171s] [01m[K/home/t-lemmel/Aquabot_Tom/src/ros2_pid_library/example_system/src/state_publisher.cpp:29:9:[m[K [01;31m[Kerror: [m[Ktemplate argument 1 is invalid
[4.171s]    29 |         [01;31m[KRCLCPP_INFO[m[K(node->get_logger(), "Publish: %.2f", message.data);
[4.171s]       |         [01;31m[K^~~~~~~~~~~[m[K
[4.171s] [01m[K/home/t-lemmel/Aquabot_Tom/src/ros2_pid_library/example_system/src/state_publisher.cpp:29:9:[m[K [01;31m[Kerror: [m[Kâ€˜[01m[K<declaration error>[m[Kâ€™ is not a template [[01;31m[K]8;;https://gcc.gnu.org/onlinedocs/gcc/Warning-Options.html#index-fpermissive-fpermissive]8;;[m[K]
[4.171s]    29 |         [01;31m[KRCLCPP_INFO[m[K(node->get_logger(), "Publish: %.2f", message.data);
[4.171s]       |         [01;31m[K^~~~~~~~~~~[m[K
[4.171s] [01m[K/home/t-lemmel/Aquabot_Tom/src/ros2_pid_library/example_system/src/state_publisher.cpp:29:9:[m[K [01;31m[Kerror: [m[Ktemplate argument 1 is invalid
[4.171s]    29 |         [01;31m[KRCLCPP_INFO[m[K(node->get_logger(), "Publish: %.2f", message.data);
[4.171s]       |         [01;31m[K^~~~~~~~~~~[m[K
[4.174s] [01m[K/home/t-lemmel/Aquabot_Tom/src/ros2_pid_library/example_system/src/state_publisher.cpp:31:27:[m[K [01;31m[Kerror: [m[Kâ€˜[01m[Knode[m[Kâ€™ was not declared in this scope
[4.175s]    31 |         rclcpp::spin_some([01;31m[Knode[m[K);
[4.175s]       |                           [01;31m[K^~~~[m[K
[4.175s] [01m[K/home/t-lemmel/Aquabot_Tom/src/ros2_pid_library/example_system/src/state_publisher.cpp:[m[K At global scope:
[4.175s] [01m[K/home/t-lemmel/Aquabot_Tom/src/ros2_pid_library/example_system/src/state_publisher.cpp:40:1:[m[K [01;31m[Kerror: [m[Kexpected declaration before â€˜[01m[K}[m[Kâ€™ token
[4.175s]    40 | [01;31m[K}[m[K
[4.175s]       | [01;31m[K^[m[K
[4.699s] gmake[2]: *** [CMakeFiles/state_publisher.dir/build.make:76: CMakeFiles/state_publisher.dir/src/state_publisher.cpp.o] Error 1
[4.699s] gmake[1]: *** [CMakeFiles/Makefile2:165: CMakeFiles/state_publisher.dir/all] Error 2
[4.700s] gmake: *** [Makefile:146: all] Error 2
[4.702s] Invoked command in '/home/t-lemmel/Aquabot_Tom/build/example_system' returned '2': CMAKE_PREFIX_PATH=${CMAKE_PREFIX_PATH}:/opt/ros/humble PS1_ori=\[\e]0;\u@\h: \w\a\]${debian_chroot:+($debian_chroot)}\[\033[01;32m\]\u@\h\[\033[00m\]:\[\033[01;34m\]\w\[\033[00m\]\$ /usr/bin/cmake --build /home/t-lemmel/Aquabot_Tom/build/example_system -- -j8 -l8
