[0.116s] Invoking command in '/home/t-lemmel/Aquabot_Tom/build/test_float': CMAKE_PREFIX_PATH=${CMAKE_PREFIX_PATH}:/opt/ros/humble PS1_ori=\[\e]0;\u@\h: \w\a\]${debian_chroot:+($debian_chroot)}\[\033[01;32m\]\u@\h\[\033[00m\]:\[\033[01;34m\]\w\[\033[00m\]\$ /usr/bin/cmake --build /home/t-lemmel/Aquabot_Tom/build/test_float -- -j8 -l8
[0.185s] [35m[1mConsolidate compiler generated dependencies of target isolating_bearing[0m
[0.207s] [ 25%] Built target talkerfloat
[0.208s] [ 50%] Built target state_publisher
[0.210s] [ 75%] Built target listenerfloat
[0.226s] [ 87%] [32mBuilding CXX object CMakeFiles/isolating_bearing.dir/src/isolating_bearing.cpp.o[0m
[3.140s] [01m[K/home/t-lemmel/Aquabot_Tom/src/test_float/src/isolating_bearing.cpp:[m[K In function â€˜[01m[Kvoid isolate_bearing(ros_gz_interfaces::msg::ParamVec_<std::allocator<void> >::SharedPtr)[m[Kâ€™:
[3.140s] [01m[K/home/t-lemmel/Aquabot_Tom/src/test_float/src/isolating_bearing.cpp:19:24:[m[K [01;31m[Kerror: [m[Kâ€˜[01m[Kbearing[m[Kâ€™ was not declared in this scope
[3.141s]    19 |     publisher->publish([01;31m[Kbearing[m[K);
[3.141s]       |                        [01;31m[K^~~~~~~[m[K
[6.013s] gmake[2]: *** [CMakeFiles/isolating_bearing.dir/build.make:76: CMakeFiles/isolating_bearing.dir/src/isolating_bearing.cpp.o] Error 1
[6.013s] gmake[1]: *** [CMakeFiles/Makefile2:221: CMakeFiles/isolating_bearing.dir/all] Error 2
[6.014s] gmake: *** [Makefile:146: all] Error 2
[6.016s] Invoked command in '/home/t-lemmel/Aquabot_Tom/build/test_float' returned '2': CMAKE_PREFIX_PATH=${CMAKE_PREFIX_PATH}:/opt/ros/humble PS1_ori=\[\e]0;\u@\h: \w\a\]${debian_chroot:+($debian_chroot)}\[\033[01;32m\]\u@\h\[\033[00m\]:\[\033[01;34m\]\w\[\033[00m\]\$ /usr/bin/cmake --build /home/t-lemmel/Aquabot_Tom/build/test_float -- -j8 -l8
