[0.081s] Invoking command in '/home/t-lemmel/Aquabot_Tom/test/build/test_float': CMAKE_PREFIX_PATH=${CMAKE_PREFIX_PATH}:/opt/ros/humble /usr/bin/cmake --build /home/t-lemmel/Aquabot_Tom/test/build/test_float -- -j8 -l8
[0.123s] [35m[1mConsolidate compiler generated dependencies of target talkerfloat[0m
[0.123s] [35m[1mConsolidate compiler generated dependencies of target listenerfloat[0m
[0.143s] [ 50%] [32mBuilding CXX object CMakeFiles/talkerfloat.dir/src/publisher_float.cpp.o[0m
[0.143s] [ 75%] Built target listenerfloat
[2.263s] [01m[K/home/t-lemmel/Aquabot_Tom/test/test_float/src/publisher_float.cpp:46:36:[m[K [01;31m[Kerror: [m[Kâ€˜[01m[KString[m[Kâ€™ is not a member of â€˜[01m[Kstd_msgs::msg[m[Kâ€™
[2.263s]    46 |   rclcpp::Publisher<std_msgs::msg::[01;31m[KString[m[K::SharedPtr publisher_;
[2.263s]       |                                    [01;31m[K^~~~~~[m[K
[2.263s] [01m[K/home/t-lemmel/Aquabot_Tom/test/test_float/src/publisher_float.cpp:46:54:[m[K [01;31m[Kerror: [m[Ktemplate argument 1 is invalid
[2.263s]    46 |   rclcpp::Publisher<std_msgs::msg::String::SharedPtr [01;31m[Kpublisher_[m[K;
[2.263s]       |                                                      [01;31m[K^~~~~~~~~~[m[K
[2.269s] [01m[K/home/t-lemmel/Aquabot_Tom/test/test_float/src/publisher_float.cpp:[m[K In constructor â€˜[01m[KMinimalPublisher::MinimalPublisher()[m[Kâ€™:
[2.269s] [01m[K/home/t-lemmel/Aquabot_Tom/test/test_float/src/publisher_float.cpp:32:5:[m[K [01;31m[Kerror: [m[Kâ€˜[01m[Kpublisher_[m[Kâ€™ was not declared in this scope; did you mean â€˜[01m[Krmw_publisher_t[m[Kâ€™?
[2.269s]    32 |     [01;31m[Kpublisher_[m[K = this->create_publisher<std_msgs::msg::Float64>("topic", 10);
[2.269s]       |     [01;31m[K^~~~~~~~~~[m[K
[2.269s]       |     [32m[Krmw_publisher_t[m[K
[2.287s] [01m[K/home/t-lemmel/Aquabot_Tom/test/test_float/src/publisher_float.cpp:[m[K In member function â€˜[01m[Kvoid MinimalPublisher::timer_callback()[m[Kâ€™:
[2.287s] [01m[K/home/t-lemmel/Aquabot_Tom/test/test_float/src/publisher_float.cpp:43:5:[m[K [01;31m[Kerror: [m[Kâ€˜[01m[Kpublisher_[m[Kâ€™ was not declared in this scope; did you mean â€˜[01m[Krmw_publisher_t[m[Kâ€™?
[2.287s]    43 |     [01;31m[Kpublisher_[m[K->publish(message);
[2.287s]       |     [01;31m[K^~~~~~~~~~[m[K
[2.287s]       |     [32m[Krmw_publisher_t[m[K
[2.920s] gmake[2]: *** [CMakeFiles/talkerfloat.dir/build.make:76: CMakeFiles/talkerfloat.dir/src/publisher_float.cpp.o] Error 1
[2.920s] gmake[1]: *** [CMakeFiles/Makefile2:139: CMakeFiles/talkerfloat.dir/all] Error 2
[2.921s] gmake: *** [Makefile:146: all] Error 2
[2.923s] Invoked command in '/home/t-lemmel/Aquabot_Tom/test/build/test_float' returned '2': CMAKE_PREFIX_PATH=${CMAKE_PREFIX_PATH}:/opt/ros/humble /usr/bin/cmake --build /home/t-lemmel/Aquabot_Tom/test/build/test_float -- -j8 -l8
