[0.081s] Invoking command in '/home/t-lemmel/Aquabot_Tom/test/build/test_float': CMAKE_PREFIX_PATH=${CMAKE_PREFIX_PATH}:/opt/ros/humble /usr/bin/cmake --build /home/t-lemmel/Aquabot_Tom/test/build/test_float -- -j8 -l8
[0.121s] [35m[1mConsolidate compiler generated dependencies of target listenerfloat[0m
[0.121s] [35m[1mConsolidate compiler generated dependencies of target talkerfloat[0m
[0.141s] [ 50%] [32mBuilding CXX object CMakeFiles/talkerfloat.dir/src/publisher_float.cpp.o[0m
[0.141s] [ 50%] [32mBuilding CXX object CMakeFiles/listenerfloat.dir/src/subscriber_float.cpp.o[0m
[2.440s] [01m[K/home/t-lemmel/Aquabot_Tom/test/test_float/src/publisher_float.cpp:46:36:[m[K [01;31m[Kerror: [m[Kâ€˜[01m[KString[m[Kâ€™ is not a member of â€˜[01m[Kstd_msgs::msg[m[Kâ€™
[2.440s]    46 |   rclcpp::Publisher<std_msgs::msg::[01;31m[KString[m[K::SharedPtr publisher_;
[2.440s]       |                                    [01;31m[K^~~~~~[m[K
[2.440s] [01m[K/home/t-lemmel/Aquabot_Tom/test/test_float/src/publisher_float.cpp:46:54:[m[K [01;31m[Kerror: [m[Ktemplate argument 1 is invalid
[2.440s]    46 |   rclcpp::Publisher<std_msgs::msg::String::SharedPtr [01;31m[Kpublisher_[m[K;
[2.441s]       |                                                      [01;31m[K^~~~~~~~~~[m[K
[2.447s] [01m[K/home/t-lemmel/Aquabot_Tom/test/test_float/src/publisher_float.cpp:[m[K In constructor â€˜[01m[KMinimalPublisher::MinimalPublisher()[m[Kâ€™:
[2.447s] [01m[K/home/t-lemmel/Aquabot_Tom/test/test_float/src/publisher_float.cpp:32:5:[m[K [01;31m[Kerror: [m[Kâ€˜[01m[Kpublisher_[m[Kâ€™ was not declared in this scope; did you mean â€˜[01m[Krmw_publisher_t[m[Kâ€™?
[2.447s]    32 |     [01;31m[Kpublisher_[m[K = this->create_publisher<std_msgs::msg::Float64>("topic", 10);
[2.447s]       |     [01;31m[K^~~~~~~~~~[m[K
[2.447s]       |     [32m[Krmw_publisher_t[m[K
[2.461s] In file included from [01m[K/opt/ros/humble/include/rclcpp/rclcpp/logging.hpp:24[m[K,
[2.461s]                  from [01m[K/opt/ros/humble/include/rclcpp/rclcpp/client.hpp:40[m[K,
[2.461s]                  from [01m[K/opt/ros/humble/include/rclcpp/rclcpp/callback_group.hpp:24[m[K,
[2.461s]                  from [01m[K/opt/ros/humble/include/rclcpp/rclcpp/any_executable.hpp:20[m[K,
[2.461s]                  from [01m[K/opt/ros/humble/include/rclcpp/rclcpp/memory_strategy.hpp:25[m[K,
[2.462s]                  from [01m[K/opt/ros/humble/include/rclcpp/rclcpp/memory_strategies.hpp:18[m[K,
[2.462s]                  from [01m[K/opt/ros/humble/include/rclcpp/rclcpp/executor_options.hpp:20[m[K,
[2.462s]                  from [01m[K/opt/ros/humble/include/rclcpp/rclcpp/executor.hpp:37[m[K,
[2.462s]                  from [01m[K/opt/ros/humble/include/rclcpp/rclcpp/executors/multi_threaded_executor.hpp:25[m[K,
[2.462s]                  from [01m[K/opt/ros/humble/include/rclcpp/rclcpp/executors.hpp:21[m[K,
[2.462s]                  from [01m[K/opt/ros/humble/include/rclcpp/rclcpp/rclcpp.hpp:155[m[K,
[2.462s]                  from [01m[K/home/t-lemmel/Aquabot_Tom/test/test_float/src/publisher_float.cpp:18[m[K:
[2.462s] [01m[K/home/t-lemmel/Aquabot_Tom/test/test_float/src/publisher_float.cpp:[m[K In member function â€˜[01m[Kvoid MinimalPublisher::timer_callback()[m[Kâ€™:
[2.462s] [01m[K/home/t-lemmel/Aquabot_Tom/test/test_float/src/publisher_float.cpp:42:37:[m[K [01;35m[Kwarning: [m[Kformat â€˜[01m[K%s[m[Kâ€™ expects argument of type â€˜[01m[Kchar*[m[Kâ€™, but argument 5 has type â€˜[01m[Kstd_msgs::msg::Float64_<std::allocator<void> >::_data_type[m[Kâ€™ {aka â€˜[01m[Kdouble[m[Kâ€™} [[01;35m[K]8;;https://gcc.gnu.org/onlinedocs/gcc/Warning-Options.html#index-Wformat=-Wformat=]8;;[m[K]
[2.462s]    42 |     RCLCPP_INFO(this->get_logger(), [01;35m[K"Publishing: '%s'"[m[K, [32m[Kmessage.data[m[K);
[2.462s]       |                                     [01;35m[K^~~~~~~~~~~~~~~~~~[m[K  [32m[K~~~~~~~~~~~~[m[K
[2.462s]       |                                                                 [32m[K|[m[K
[2.462s]       |                                                                 [32m[Kstd_msgs::msg::Float64_<std::allocator<void> >::_data_type {aka double}[m[K
[2.462s] [01m[K/home/t-lemmel/Aquabot_Tom/test/test_float/src/publisher_float.cpp:42:52:[m[K [01;36m[Knote: [m[Kformat string is defined here
[2.462s]    42 |     RCLCPP_INFO(this->get_logger(), "Publishing: '[01;36m[K%s[m[K'", message.data);
[2.462s]       |                                                   [01;36m[K~^[m[K
[2.462s]       |                                                    [01;36m[K|[m[K
[2.463s]       |                                                    [01;36m[Kchar*[m[K
[2.463s]       |                                                   [32m[K%f[m[K
[2.467s] [01m[K/home/t-lemmel/Aquabot_Tom/test/test_float/src/publisher_float.cpp:43:5:[m[K [01;31m[Kerror: [m[Kâ€˜[01m[Kpublisher_[m[Kâ€™ was not declared in this scope; did you mean â€˜[01m[Krmw_publisher_t[m[Kâ€™?
[2.468s]    43 |     [01;31m[Kpublisher_[m[K->publish(message);
[2.468s]       |     [01;31m[K^~~~~~~~~~[m[K
[2.468s]       |     [32m[Krmw_publisher_t[m[K
[2.490s] In file included from [01m[K/opt/ros/humble/include/rclcpp/rclcpp/logging.hpp:24[m[K,
[2.490s]                  from [01m[K/opt/ros/humble/include/rclcpp/rclcpp/client.hpp:40[m[K,
[2.490s]                  from [01m[K/opt/ros/humble/include/rclcpp/rclcpp/callback_group.hpp:24[m[K,
[2.490s]                  from [01m[K/opt/ros/humble/include/rclcpp/rclcpp/any_executable.hpp:20[m[K,
[2.490s]                  from [01m[K/opt/ros/humble/include/rclcpp/rclcpp/memory_strategy.hpp:25[m[K,
[2.490s]                  from [01m[K/opt/ros/humble/include/rclcpp/rclcpp/memory_strategies.hpp:18[m[K,
[2.490s]                  from [01m[K/opt/ros/humble/include/rclcpp/rclcpp/executor_options.hpp:20[m[K,
[2.490s]                  from [01m[K/opt/ros/humble/include/rclcpp/rclcpp/executor.hpp:37[m[K,
[2.490s]                  from [01m[K/opt/ros/humble/include/rclcpp/rclcpp/executors/multi_threaded_executor.hpp:25[m[K,
[2.490s]                  from [01m[K/opt/ros/humble/include/rclcpp/rclcpp/executors.hpp:21[m[K,
[2.491s]                  from [01m[K/opt/ros/humble/include/rclcpp/rclcpp/rclcpp.hpp:155[m[K,
[2.491s]                  from [01m[K/home/t-lemmel/Aquabot_Tom/test/test_float/src/subscriber_float.cpp:17[m[K:
[2.491s] [01m[K/home/t-lemmel/Aquabot_Tom/test/test_float/src/subscriber_float.cpp:[m[K In member function â€˜[01m[Kvoid MinimalSubscriber::topic_callback(std_msgs::msg::Float64_<std::allocator<void> >::SharedPtr) const[m[Kâ€™:
[2.491s] [01m[K/home/t-lemmel/Aquabot_Tom/test/test_float/src/subscriber_float.cpp:34:37:[m[K [01;35m[Kwarning: [m[Kformat â€˜[01m[K%s[m[Kâ€™ expects argument of type â€˜[01m[Kchar*[m[Kâ€™, but argument 5 has type â€˜[01m[Kstd_msgs::msg::Float64_<std::allocator<void> >::_data_type[m[Kâ€™ {aka â€˜[01m[Kdouble[m[Kâ€™} [[01;35m[K]8;;https://gcc.gnu.org/onlinedocs/gcc/Warning-Options.html#index-Wformat=-Wformat=]8;;[m[K]
[2.491s]    34 |     RCLCPP_INFO(this->get_logger(), [01;35m[K"I heard: '%s'"[m[K, [32m[Kmsg->data[m[K);
[2.491s]       |                                     [01;35m[K^~~~~~~~~~~~~~~[m[K  [32m[K~~~~~~~~~[m[K
[2.491s]       |                                                           [32m[K|[m[K
[2.491s]       |                                                           [32m[Kstd_msgs::msg::Float64_<std::allocator<void> >::_data_type {aka double}[m[K
[2.491s] [01m[K/home/t-lemmel/Aquabot_Tom/test/test_float/src/subscriber_float.cpp:34:49:[m[K [01;36m[Knote: [m[Kformat string is defined here
[2.491s]    34 |     RCLCPP_INFO(this->get_logger(), "I heard: '[01;36m[K%s[m[K'", msg->data);
[2.491s]       |                                                [01;36m[K~^[m[K
[2.491s]       |                                                 [01;36m[K|[m[K
[2.491s]       |                                                 [01;36m[Kchar*[m[K
[2.491s]       |                                                [32m[K%f[m[K
[3.159s] gmake[2]: *** [CMakeFiles/talkerfloat.dir/build.make:76: CMakeFiles/talkerfloat.dir/src/publisher_float.cpp.o] Error 1
[3.159s] gmake[1]: *** [CMakeFiles/Makefile2:139: CMakeFiles/talkerfloat.dir/all] Error 2
[3.159s] gmake[1]: *** Waiting for unfinished jobs....
[8.083s] [ 75%] [32m[1mLinking CXX executable listenerfloat[0m
[8.434s] [ 75%] Built target listenerfloat
[8.435s] gmake: *** [Makefile:146: all] Error 2
[8.437s] Invoked command in '/home/t-lemmel/Aquabot_Tom/test/build/test_float' returned '2': CMAKE_PREFIX_PATH=${CMAKE_PREFIX_PATH}:/opt/ros/humble /usr/bin/cmake --build /home/t-lemmel/Aquabot_Tom/test/build/test_float -- -j8 -l8
