[01m[K/home/t-lemmel/Aquabot_Tom/test/package_thruster_activation/src/thruster_activation.cpp:[m[K In function â€˜[01m[Kint main(int, char**)[m[Kâ€™:
[01m[K/home/t-lemmel/Aquabot_Tom/test/package_thruster_activation/src/thruster_activation.cpp:20:39:[m[K [01;31m[Kerror: [m[Kâ€˜[01m[KFloat32[m[Kâ€™ is not a member of â€˜[01m[Kstd_msgs::msg[m[Kâ€™
   20 |         auto message = std_msgs::msg::[01;31m[KFloat32[m[K();
      |                                       [01;31m[K^~~~~~~[m[K
[01m[K/home/t-lemmel/Aquabot_Tom/test/package_thruster_activation/src/thruster_activation.cpp:31:11:[m[K [01;31m[Kerror: [m[Kâ€˜[01m[Kcount[m[Kâ€™ was not declared in this scope; did you mean â€˜[01m[Kstd::count[m[Kâ€™?
   31 |         ++[01;31m[Kcount[m[K;
      |           [01;31m[K^~~~~[m[K
      |           [32m[Kstd::count[m[K
In file included from [01m[K/usr/include/c++/11/algorithm:74[m[K,
                 from [01m[K/opt/ros/humble/include/rclcpp/rclcpp/executor.hpp:18[m[K,
                 from [01m[K/opt/ros/humble/include/rclcpp/rclcpp/executors/multi_threaded_executor.hpp:25[m[K,
                 from [01m[K/opt/ros/humble/include/rclcpp/rclcpp/executors.hpp:21[m[K,
                 from [01m[K/opt/ros/humble/include/rclcpp/rclcpp/rclcpp.hpp:155[m[K,
                 from [01m[K/home/t-lemmel/Aquabot_Tom/test/package_thruster_activation/src/thruster_activation.cpp:1[m[K:
[01m[K/usr/include/c++/11/pstl/glue_algorithm_defs.h:101:1:[m[K [01;36m[Knote: [m[Kâ€˜[01m[Kstd::count[m[Kâ€™ declared here
  101 | [01;36m[Kcount[m[K(_ExecutionPolicy&& __exec, _ForwardIterator __first, _ForwardIterator __last, const _Tp& __value);
      | [01;36m[K^~~~~[m[K
gmake[2]: *** [CMakeFiles/thruster_activation.dir/build.make:76: CMakeFiles/thruster_activation.dir/src/thruster_activation.cpp.o] Error 1
gmake[1]: *** [CMakeFiles/Makefile2:137: CMakeFiles/thruster_activation.dir/all] Error 2
gmake: *** [Makefile:146: all] Error 2
