[0.066s] Invoking command in '/home/t-lemmel/Aquabot_Tom/test/build/package_thruster_activation': CMAKE_PREFIX_PATH=${CMAKE_PREFIX_PATH}:/opt/ros/humble /usr/bin/cmake /home/t-lemmel/Aquabot_Tom/test/package_thruster_activation -DCMAKE_INSTALL_PREFIX=/home/t-lemmel/Aquabot_Tom/test/install/package_thruster_activation
[0.077s] -- Found ament_cmake: 1.3.5 (/opt/ros/humble/share/ament_cmake/cmake)
[0.212s] -- Found rclcpp: 16.0.6 (/opt/ros/humble/share/rclcpp/cmake)
[0.240s] -- Found rosidl_generator_c: 3.1.5 (/opt/ros/humble/share/rosidl_generator_c/cmake)
[0.243s] -- Found rosidl_adapter: 3.1.5 (/opt/ros/humble/share/rosidl_adapter/cmake)
[0.248s] -- Found rosidl_generator_cpp: 3.1.5 (/opt/ros/humble/share/rosidl_generator_cpp/cmake)
[0.259s] -- Using all available rosidl_typesupport_c: rosidl_typesupport_fastrtps_c;rosidl_typesupport_introspection_c
[0.274s] -- Using all available rosidl_typesupport_cpp: rosidl_typesupport_fastrtps_cpp;rosidl_typesupport_introspection_cpp
[0.332s] -- Found rmw_implementation_cmake: 6.1.1 (/opt/ros/humble/share/rmw_implementation_cmake/cmake)
[0.334s] -- Found rmw_fastrtps_cpp: 6.2.4 (/opt/ros/humble/share/rmw_fastrtps_cpp/cmake)
[0.449s] -- Using RMW implementation 'rmw_fastrtps_cpp' as default
[0.668s] -- Configuring done
[0.676s] -- Generating done
[0.677s] -- Build files have been written to: /home/t-lemmel/Aquabot_Tom/test/build/package_thruster_activation
[0.684s] Invoked command in '/home/t-lemmel/Aquabot_Tom/test/build/package_thruster_activation' returned '0': CMAKE_PREFIX_PATH=${CMAKE_PREFIX_PATH}:/opt/ros/humble /usr/bin/cmake /home/t-lemmel/Aquabot_Tom/test/package_thruster_activation -DCMAKE_INSTALL_PREFIX=/home/t-lemmel/Aquabot_Tom/test/install/package_thruster_activation
[0.686s] Invoking command in '/home/t-lemmel/Aquabot_Tom/test/build/package_thruster_activation': CMAKE_PREFIX_PATH=${CMAKE_PREFIX_PATH}:/opt/ros/humble /usr/bin/cmake --build /home/t-lemmel/Aquabot_Tom/test/build/package_thruster_activation -- -j8 -l8
[0.734s] [ 50%] [32mBuilding CXX object CMakeFiles/thruster_activation.dir/src/thruster_activation.cpp.o[0m
[2.794s] [01m[K/home/t-lemmel/Aquabot_Tom/test/package_thruster_activation/src/thruster_activation.cpp:[m[K In function â€˜[01m[Kint main(int, char**)[m[Kâ€™:
[2.795s] [01m[K/home/t-lemmel/Aquabot_Tom/test/package_thruster_activation/src/thruster_activation.cpp:20:39:[m[K [01;31m[Kerror: [m[Kâ€˜[01m[KFloat32[m[Kâ€™ is not a member of â€˜[01m[Kstd_msgs::msg[m[Kâ€™
[2.795s]    20 |         auto message = std_msgs::msg::[01;31m[KFloat32[m[K();
[2.795s]       |                                       [01;31m[K^~~~~~~[m[K
[2.798s] [01m[K/home/t-lemmel/Aquabot_Tom/test/package_thruster_activation/src/thruster_activation.cpp:31:11:[m[K [01;31m[Kerror: [m[Kâ€˜[01m[Kcount[m[Kâ€™ was not declared in this scope; did you mean â€˜[01m[Kstd::count[m[Kâ€™?
[2.798s]    31 |         ++[01;31m[Kcount[m[K;
[2.798s]       |           [01;31m[K^~~~~[m[K
[2.798s]       |           [32m[Kstd::count[m[K
[2.798s] In file included from [01m[K/usr/include/c++/11/algorithm:74[m[K,
[2.798s]                  from [01m[K/opt/ros/humble/include/rclcpp/rclcpp/executor.hpp:18[m[K,
[2.798s]                  from [01m[K/opt/ros/humble/include/rclcpp/rclcpp/executors/multi_threaded_executor.hpp:25[m[K,
[2.798s]                  from [01m[K/opt/ros/humble/include/rclcpp/rclcpp/executors.hpp:21[m[K,
[2.798s]                  from [01m[K/opt/ros/humble/include/rclcpp/rclcpp/rclcpp.hpp:155[m[K,
[2.798s]                  from [01m[K/home/t-lemmel/Aquabot_Tom/test/package_thruster_activation/src/thruster_activation.cpp:1[m[K:
[2.798s] [01m[K/usr/include/c++/11/pstl/glue_algorithm_defs.h:101:1:[m[K [01;36m[Knote: [m[Kâ€˜[01m[Kstd::count[m[Kâ€™ declared here
[2.798s]   101 | [01;36m[Kcount[m[K(_ExecutionPolicy&& __exec, _ForwardIterator __first, _ForwardIterator __last, const _Tp& __value);
[2.798s]       | [01;36m[K^~~~~[m[K
[3.403s] gmake[2]: *** [CMakeFiles/thruster_activation.dir/build.make:76: CMakeFiles/thruster_activation.dir/src/thruster_activation.cpp.o] Error 1
[3.403s] gmake[1]: *** [CMakeFiles/Makefile2:137: CMakeFiles/thruster_activation.dir/all] Error 2
[3.403s] gmake: *** [Makefile:146: all] Error 2
[3.405s] Invoked command in '/home/t-lemmel/Aquabot_Tom/test/build/package_thruster_activation' returned '2': CMAKE_PREFIX_PATH=${CMAKE_PREFIX_PATH}:/opt/ros/humble /usr/bin/cmake --build /home/t-lemmel/Aquabot_Tom/test/build/package_thruster_activation -- -j8 -l8
