[35m[1mConsolidate compiler generated dependencies of target state_publisher[0m
[ 50%] Built target example_system
[ 75%] [32mBuilding CXX object CMakeFiles/state_publisher.dir/src/state_publisher.cpp.o[0m
In file included from [01m[K/opt/ros/humble/include/rclcpp/rclcpp/logging.hpp:24[m[K,
                 from [01m[K/opt/ros/humble/include/rclcpp/rclcpp/client.hpp:40[m[K,
                 from [01m[K/opt/ros/humble/include/rclcpp/rclcpp/callback_group.hpp:24[m[K,
                 from [01m[K/opt/ros/humble/include/rclcpp/rclcpp/any_executable.hpp:20[m[K,
                 from [01m[K/opt/ros/humble/include/rclcpp/rclcpp/memory_strategy.hpp:25[m[K,
                 from [01m[K/opt/ros/humble/include/rclcpp/rclcpp/memory_strategies.hpp:18[m[K,
                 from [01m[K/opt/ros/humble/include/rclcpp/rclcpp/executor_options.hpp:20[m[K,
                 from [01m[K/opt/ros/humble/include/rclcpp/rclcpp/executor.hpp:37[m[K,
                 from [01m[K/opt/ros/humble/include/rclcpp/rclcpp/executors/multi_threaded_executor.hpp:25[m[K,
                 from [01m[K/opt/ros/humble/include/rclcpp/rclcpp/executors.hpp:21[m[K,
                 from [01m[K/opt/ros/humble/include/rclcpp/rclcpp/rclcpp.hpp:155[m[K,
                 from [01m[K/home/t-lemmel/Aquabot_Tom/src/ros2_pid_library/example_system/src/state_publisher.cpp:1[m[K:
[01m[K/home/t-lemmel/Aquabot_Tom/src/ros2_pid_library/example_system/src/state_publisher.cpp:[m[K In function â€˜[01m[Kfloat isolate_bearing(std_msgs::msg::Float64_<std::allocator<void> >::SharedPtr)[m[Kâ€™:
[01m[K/home/t-lemmel/Aquabot_Tom/src/ros2_pid_library/example_system/src/state_publisher.cpp:5:70:[m[K [01;31m[Kerror: [m[Kâ€˜[01m[Kusing element_type = struct std_msgs::msg::Float64_<std::allocator<void> >[m[Kâ€™ {aka â€˜[01m[Kstruct std_msgs::msg::Float64_<std::allocator<void> >[m[Kâ€™} has no member named â€˜[01m[Kbearing[m[Kâ€™
    5 |     RCLCPP_INFO(rclcpp::get_logger("rclcpp"), "Received: %.2f", msg->[01;31m[Kbearing[m[K);
      |                                                                      [01;31m[K^~~~~~~[m[K
[01m[K/home/t-lemmel/Aquabot_Tom/src/ros2_pid_library/example_system/src/state_publisher.cpp:7:19:[m[K [01;31m[Kerror: [m[Kâ€˜[01m[Kconst SharedPtr[m[Kâ€™ {aka â€˜[01m[Kconst class std::shared_ptr<std_msgs::msg::Float64_<std::allocator<void> > >[m[Kâ€™} has no member named â€˜[01m[Kbearing[m[Kâ€™
    7 |     bearing = msg.[01;31m[Kbearing[m[K;
      |                   [01;31m[K^~~~~~~[m[K
[01m[K/home/t-lemmel/Aquabot_Tom/src/ros2_pid_library/example_system/src/state_publisher.cpp:8:5:[m[K [01;31m[Kerror: [m[Kâ€˜[01m[Kpublisher[m[Kâ€™ was not declared in this scope
    8 |     [01;31m[Kpublisher[m[K->publish(bearing);
      |     [01;31m[K^~~~~~~~~[m[K
In file included from [01m[K/opt/ros/humble/include/rclcpp/rclcpp/client.hpp:40[m[K,
                 from [01m[K/opt/ros/humble/include/rclcpp/rclcpp/callback_group.hpp:24[m[K,
                 from [01m[K/opt/ros/humble/include/rclcpp/rclcpp/any_executable.hpp:20[m[K,
                 from [01m[K/opt/ros/humble/include/rclcpp/rclcpp/memory_strategy.hpp:25[m[K,
                 from [01m[K/opt/ros/humble/include/rclcpp/rclcpp/memory_strategies.hpp:18[m[K,
                 from [01m[K/opt/ros/humble/include/rclcpp/rclcpp/executor_options.hpp:20[m[K,
                 from [01m[K/opt/ros/humble/include/rclcpp/rclcpp/executor.hpp:37[m[K,
                 from [01m[K/opt/ros/humble/include/rclcpp/rclcpp/executors/multi_threaded_executor.hpp:25[m[K,
                 from [01m[K/opt/ros/humble/include/rclcpp/rclcpp/executors.hpp:21[m[K,
                 from [01m[K/opt/ros/humble/include/rclcpp/rclcpp/rclcpp.hpp:155[m[K,
                 from [01m[K/home/t-lemmel/Aquabot_Tom/src/ros2_pid_library/example_system/src/state_publisher.cpp:1[m[K:
[01m[K/home/t-lemmel/Aquabot_Tom/src/ros2_pid_library/example_system/src/state_publisher.cpp:9:17:[m[K [01;31m[Kerror: [m[Kâ€˜[01m[Knode[m[Kâ€™ was not declared in this scope
    9 |     RCLCPP_INFO([01;31m[Knode[m[K->get_logger(), "Publish: %.2f", bearing);
      |                 [01;31m[K^~~~[m[K
[01m[K/home/t-lemmel/Aquabot_Tom/src/ros2_pid_library/example_system/src/state_publisher.cpp:9:5:[m[K [01;31m[Kerror: [m[Ktemplate argument 1 is invalid
    9 |     [01;31m[KRCLCPP_INFO[m[K(node->get_logger(), "Publish: %.2f", bearing);
      |     [01;31m[K^~~~~~~~~~~[m[K
[01m[K/home/t-lemmel/Aquabot_Tom/src/ros2_pid_library/example_system/src/state_publisher.cpp:9:5:[m[K [01;31m[Kerror: [m[Kâ€˜[01m[K<declaration error>[m[Kâ€™ is not a template [[01;31m[K]8;;https://gcc.gnu.org/onlinedocs/gcc/Warning-Options.html#index-fpermissive-fpermissive]8;;[m[K]
    9 |     [01;31m[KRCLCPP_INFO[m[K(node->get_logger(), "Publish: %.2f", bearing);
      |     [01;31m[K^~~~~~~~~~~[m[K
[01m[K/home/t-lemmel/Aquabot_Tom/src/ros2_pid_library/example_system/src/state_publisher.cpp:9:5:[m[K [01;31m[Kerror: [m[Ktemplate argument 1 is invalid
    9 |     [01;31m[KRCLCPP_INFO[m[K(node->get_logger(), "Publish: %.2f", bearing);
      |     [01;31m[K^~~~~~~~~~~[m[K
[01m[K/home/t-lemmel/Aquabot_Tom/src/ros2_pid_library/example_system/src/state_publisher.cpp:9:5:[m[K [01;31m[Kerror: [m[Kâ€˜[01m[K<declaration error>[m[Kâ€™ is not a template [[01;31m[K]8;;https://gcc.gnu.org/onlinedocs/gcc/Warning-Options.html#index-fpermissive-fpermissive]8;;[m[K]
    9 |     [01;31m[KRCLCPP_INFO[m[K(node->get_logger(), "Publish: %.2f", bearing);
      |     [01;31m[K^~~~~~~~~~~[m[K
[01m[K/home/t-lemmel/Aquabot_Tom/src/ros2_pid_library/example_system/src/state_publisher.cpp:9:5:[m[K [01;31m[Kerror: [m[Ktemplate argument 1 is invalid
    9 |     [01;31m[KRCLCPP_INFO[m[K(node->get_logger(), "Publish: %.2f", bearing);
      |     [01;31m[K^~~~~~~~~~~[m[K
[01m[K/home/t-lemmel/Aquabot_Tom/src/ros2_pid_library/example_system/src/state_publisher.cpp:10:1:[m[K [01;35m[Kwarning: [m[Kno return statement in function returning non-void [[01;35m[K]8;;https://gcc.gnu.org/onlinedocs/gcc/Warning-Options.html#index-Wreturn-type-Wreturn-type]8;;[m[K]
   10 | [01;35m[K}[m[K
      | [01;35m[K^[m[K
[01m[K/home/t-lemmel/Aquabot_Tom/src/ros2_pid_library/example_system/src/state_publisher.cpp:[m[K In function â€˜[01m[Kint main(int, char**)[m[Kâ€™:
[01m[K/home/t-lemmel/Aquabot_Tom/src/ros2_pid_library/example_system/src/state_publisher.cpp:28:27:[m[K [01;31m[Kerror: [m[Kâ€˜[01m[Knode_publisher[m[Kâ€™ was not declared in this scope; did you mean â€˜[01m[Kpublisher[m[Kâ€™?
   28 |         rclcpp::spin_some([01;31m[Knode_publisher[m[K);
      |                           [01;31m[K^~~~~~~~~~~~~~[m[K
      |                           [32m[Kpublisher[m[K
gmake[2]: *** [CMakeFiles/state_publisher.dir/build.make:76: CMakeFiles/state_publisher.dir/src/state_publisher.cpp.o] Error 1
gmake[1]: *** [CMakeFiles/Makefile2:165: CMakeFiles/state_publisher.dir/all] Error 2
gmake: *** [Makefile:146: all] Error 2
