[0.065s] Invoking command in '/home/t-lemmel/Aquabot_Tom/test/build/package_thruster_activation': CMAKE_PREFIX_PATH=${CMAKE_PREFIX_PATH}:/opt/ros/humble /usr/bin/cmake --build /home/t-lemmel/Aquabot_Tom/test/build/package_thruster_activation -- -j8 -l8
[0.102s] [35m[1mConsolidate compiler generated dependencies of target thruster_activation[0m
[0.120s] [ 50%] [32mBuilding CXX object CMakeFiles/thruster_activation.dir/src/thruster_activation.cpp.o[0m
[2.157s] [01m[K/home/t-lemmel/Aquabot_Tom/test/package_thruster_activation/src/thruster_activation.cpp:[m[K In function â€˜[01m[Kint main(int, char**)[m[Kâ€™:
[2.158s] [01m[K/home/t-lemmel/Aquabot_Tom/test/package_thruster_activation/src/thruster_activation.cpp:20:39:[m[K [01;31m[Kerror: [m[Kâ€˜[01m[KFloat32[m[Kâ€™ is not a member of â€˜[01m[Kstd_msgs::msg[m[Kâ€™
[2.158s]    20 |         auto message = std_msgs::msg::[01;31m[KFloat32[m[K();
[2.158s]       |                                       [01;31m[K^~~~~~~[m[K
[2.772s] gmake[2]: *** [CMakeFiles/thruster_activation.dir/build.make:76: CMakeFiles/thruster_activation.dir/src/thruster_activation.cpp.o] Error 1
[2.772s] gmake[1]: *** [CMakeFiles/Makefile2:137: CMakeFiles/thruster_activation.dir/all] Error 2
[2.773s] gmake: *** [Makefile:146: all] Error 2
[2.775s] Invoked command in '/home/t-lemmel/Aquabot_Tom/test/build/package_thruster_activation' returned '2': CMAKE_PREFIX_PATH=${CMAKE_PREFIX_PATH}:/opt/ros/humble /usr/bin/cmake --build /home/t-lemmel/Aquabot_Tom/test/build/package_thruster_activation -- -j8 -l8
