[0.084s] Invoking command in '/home/t-lemmel/Aquabot_Tom/test/build/test_float': CMAKE_PREFIX_PATH=${CMAKE_PREFIX_PATH}:/opt/ros/humble /usr/bin/cmake --build /home/t-lemmel/Aquabot_Tom/test/build/test_float -- -j8 -l8
[0.126s] [35m[1mConsolidate compiler generated dependencies of target talkerfloat[0m
[0.126s] [35m[1mConsolidate compiler generated dependencies of target listenerfloat[0m
[0.145s] [ 50%] [32mBuilding CXX object CMakeFiles/listenerfloat.dir/src/subscriber_float.cpp.o[0m
[0.145s] [ 50%] [32mBuilding CXX object CMakeFiles/talkerfloat.dir/src/publisher_float.cpp.o[0m
[2.452s] [01m[K/home/t-lemmel/Aquabot_Tom/test/test_float/src/publisher_float.cpp:46:36:[m[K [01;31m[Kerror: [m[Kâ€˜[01m[KString[m[Kâ€™ is not a member of â€˜[01m[Kstd_msgs::msg[m[Kâ€™
[2.452s]    46 |   rclcpp::Publisher<std_msgs::msg::[01;31m[KString[m[K::SharedPtr publisher_;
[2.452s]       |                                    [01;31m[K^~~~~~[m[K
[2.452s] [01m[K/home/t-lemmel/Aquabot_Tom/test/test_float/src/publisher_float.cpp:46:54:[m[K [01;31m[Kerror: [m[Ktemplate argument 1 is invalid
[2.452s]    46 |   rclcpp::Publisher<std_msgs::msg::String::SharedPtr [01;31m[Kpublisher_[m[K;
[2.452s]       |                                                      [01;31m[K^~~~~~~~~~[m[K
[2.459s] [01m[K/home/t-lemmel/Aquabot_Tom/test/test_float/src/publisher_float.cpp:[m[K In constructor â€˜[01m[KMinimalPublisher::MinimalPublisher()[m[Kâ€™:
[2.459s] [01m[K/home/t-lemmel/Aquabot_Tom/test/test_float/src/publisher_float.cpp:32:5:[m[K [01;31m[Kerror: [m[Kâ€˜[01m[Kpublisher_[m[Kâ€™ was not declared in this scope; did you mean â€˜[01m[Krmw_publisher_t[m[Kâ€™?
[2.459s]    32 |     [01;31m[Kpublisher_[m[K = this->create_publisher<std_msgs::msg::Float64>("topic", 10);
[2.459s]       |     [01;31m[K^~~~~~~~~~[m[K
[2.459s]       |     [32m[Krmw_publisher_t[m[K
[2.473s] In file included from [01m[K/opt/ros/humble/include/rclcpp/rclcpp/logging.hpp:24[m[K,
[2.473s]                  from [01m[K/opt/ros/humble/include/rclcpp/rclcpp/client.hpp:40[m[K,
[2.473s]                  from [01m[K/opt/ros/humble/include/rclcpp/rclcpp/callback_group.hpp:24[m[K,
[2.473s]                  from [01m[K/opt/ros/humble/include/rclcpp/rclcpp/any_executable.hpp:20[m[K,
[2.473s]                  from [01m[K/opt/ros/humble/include/rclcpp/rclcpp/memory_strategy.hpp:25[m[K,
[2.473s]                  from [01m[K/opt/ros/humble/include/rclcpp/rclcpp/memory_strategies.hpp:18[m[K,
[2.473s]                  from [01m[K/opt/ros/humble/include/rclcpp/rclcpp/executor_options.hpp:20[m[K,
[2.473s]                  from [01m[K/opt/ros/humble/include/rclcpp/rclcpp/executor.hpp:37[m[K,
[2.473s]                  from [01m[K/opt/ros/humble/include/rclcpp/rclcpp/executors/multi_threaded_executor.hpp:25[m[K,
[2.473s]                  from [01m[K/opt/ros/humble/include/rclcpp/rclcpp/executors.hpp:21[m[K,
[2.473s]                  from [01m[K/opt/ros/humble/include/rclcpp/rclcpp/rclcpp.hpp:155[m[K,
[2.473s]                  from [01m[K/home/t-lemmel/Aquabot_Tom/test/test_float/src/publisher_float.cpp:18[m[K:
[2.473s] [01m[K/home/t-lemmel/Aquabot_Tom/test/test_float/src/publisher_float.cpp:[m[K In member function â€˜[01m[Kvoid MinimalPublisher::timer_callback()[m[Kâ€™:
[2.473s] [01m[K/home/t-lemmel/Aquabot_Tom/test/test_float/src/publisher_float.cpp:42:70:[m[K [01;31m[Kerror: [m[Krequest for member â€˜[01m[Kc_str[m[Kâ€™ in â€˜[01m[Kmessage.std_msgs::msg::Float64_<std::allocator<void> >::data[m[Kâ€™, which is of non-class type â€˜[01m[Kstd_msgs::msg::Float64_<std::allocator<void> >::_data_type[m[Kâ€™ {aka â€˜[01m[Kdouble[m[Kâ€™}
[2.474s]    42 |     RCLCPP_INFO(this->get_logger(), "Publishing: '%s'", message.data.[01;31m[Kc_str[m[K());
[2.474s]       |                                                                      [01;31m[K^~~~~[m[K
[2.479s] [01m[K/home/t-lemmel/Aquabot_Tom/test/test_float/src/publisher_float.cpp:43:5:[m[K [01;31m[Kerror: [m[Kâ€˜[01m[Kpublisher_[m[Kâ€™ was not declared in this scope; did you mean â€˜[01m[Krmw_publisher_t[m[Kâ€™?
[2.479s]    43 |     [01;31m[Kpublisher_[m[K->publish(message);
[2.479s]       |     [01;31m[K^~~~~~~~~~[m[K
[2.479s]       |     [32m[Krmw_publisher_t[m[K
[2.484s] In file included from [01m[K/opt/ros/humble/include/rclcpp/rclcpp/logging.hpp:24[m[K,
[2.484s]                  from [01m[K/opt/ros/humble/include/rclcpp/rclcpp/client.hpp:40[m[K,
[2.484s]                  from [01m[K/opt/ros/humble/include/rclcpp/rclcpp/callback_group.hpp:24[m[K,
[2.484s]                  from [01m[K/opt/ros/humble/include/rclcpp/rclcpp/any_executable.hpp:20[m[K,
[2.484s]                  from [01m[K/opt/ros/humble/include/rclcpp/rclcpp/memory_strategy.hpp:25[m[K,
[2.484s]                  from [01m[K/opt/ros/humble/include/rclcpp/rclcpp/memory_strategies.hpp:18[m[K,
[2.484s]                  from [01m[K/opt/ros/humble/include/rclcpp/rclcpp/executor_options.hpp:20[m[K,
[2.484s]                  from [01m[K/opt/ros/humble/include/rclcpp/rclcpp/executor.hpp:37[m[K,
[2.484s]                  from [01m[K/opt/ros/humble/include/rclcpp/rclcpp/executors/multi_threaded_executor.hpp:25[m[K,
[2.485s]                  from [01m[K/opt/ros/humble/include/rclcpp/rclcpp/executors.hpp:21[m[K,
[2.485s]                  from [01m[K/opt/ros/humble/include/rclcpp/rclcpp/rclcpp.hpp:155[m[K,
[2.485s]                  from [01m[K/home/t-lemmel/Aquabot_Tom/test/test_float/src/subscriber_float.cpp:17[m[K:
[2.485s] [01m[K/home/t-lemmel/Aquabot_Tom/test/test_float/src/subscriber_float.cpp:[m[K In member function â€˜[01m[Kvoid MinimalSubscriber::topic_callback(std_msgs::msg::Float64_<std::allocator<void> >::SharedPtr) const[m[Kâ€™:
[2.485s] [01m[K/home/t-lemmel/Aquabot_Tom/test/test_float/src/subscriber_float.cpp:34:64:[m[K [01;31m[Kerror: [m[Krequest for member â€˜[01m[Kc_str[m[Kâ€™ in â€˜[01m[K((const std::__shared_ptr_access<std_msgs::msg::Float64_<std::allocator<void> >, __gnu_cxx::_S_atomic, false, false>*)(& msg))->std::__shared_ptr_access<std_msgs::msg::Float64_<std::allocator<void> >, __gnu_cxx::_S_atomic, false, false>::operator->()->std_msgs::msg::Float64_<std::allocator<void> >::data[m[Kâ€™, which is of non-class type â€˜[01m[Kstd_msgs::msg::Float64_<std::allocator<void> >::_data_type[m[Kâ€™ {aka â€˜[01m[Kdouble[m[Kâ€™}
[2.485s]    34 |     RCLCPP_INFO(this->get_logger(), "I heard: '%s'", msg->data.[01;31m[Kc_str[m[K());
[2.485s]       |                                                                [01;31m[K^~~~~[m[K
[3.181s] gmake[2]: *** [CMakeFiles/talkerfloat.dir/build.make:76: CMakeFiles/talkerfloat.dir/src/publisher_float.cpp.o] Error 1
[3.181s] gmake[1]: *** [CMakeFiles/Makefile2:139: CMakeFiles/talkerfloat.dir/all] Error 2
[3.181s] gmake[1]: *** Waiting for unfinished jobs....
[4.712s] gmake[2]: *** [CMakeFiles/listenerfloat.dir/build.make:76: CMakeFiles/listenerfloat.dir/src/subscriber_float.cpp.o] Error 1
[4.712s] gmake[1]: *** [CMakeFiles/Makefile2:165: CMakeFiles/listenerfloat.dir/all] Error 2
[4.712s] gmake: *** [Makefile:146: all] Error 2
[4.715s] Invoked command in '/home/t-lemmel/Aquabot_Tom/test/build/test_float' returned '2': CMAKE_PREFIX_PATH=${CMAKE_PREFIX_PATH}:/opt/ros/humble /usr/bin/cmake --build /home/t-lemmel/Aquabot_Tom/test/build/test_float -- -j8 -l8
