[01m[K/home/t-lemmel/Aquabot_Tom/src/cpp_pubsub/src/publisher_member_function.cpp:46:54:[m[K [01;31m[Kerror: [m[Ktemplate argument 1 is invalid
   46 |   rclcpp::Publisher<std_msgs::msg::String::SharedPtr [01;31m[Kpublisher_[m[K;
      |                                                      [01;31m[K^~~~~~~~~~[m[K
[01m[K/home/t-lemmel/Aquabot_Tom/src/cpp_pubsub/src/publisher_member_function.cpp:[m[K In constructor â€˜[01m[KMinimalPublisher::MinimalPublisher()[m[Kâ€™:
[01m[K/home/t-lemmel/Aquabot_Tom/src/cpp_pubsub/src/publisher_member_function.cpp:32:5:[m[K [01;31m[Kerror: [m[Kâ€˜[01m[Kpublisher_[m[Kâ€™ was not declared in this scope; did you mean â€˜[01m[Krmw_publisher_t[m[Kâ€™?
   32 |     [01;31m[Kpublisher_[m[K = this->create_publisher<std_msgs::msg::Float64>("topic", 10);
      |     [01;31m[K^~~~~~~~~~[m[K
      |     [32m[Krmw_publisher_t[m[K
[01m[K/home/t-lemmel/Aquabot_Tom/src/cpp_pubsub/src/publisher_member_function.cpp:32:56:[m[K [01;31m[Kerror: [m[Kâ€˜[01m[KFloat64[m[Kâ€™ is not a member of â€˜[01m[Kstd_msgs::msg[m[Kâ€™
   32 |     publisher_ = this->create_publisher<std_msgs::msg::[01;31m[KFloat64[m[K>("topic", 10);
      |                                                        [01;31m[K^~~~~~~[m[K
[01m[K/home/t-lemmel/Aquabot_Tom/src/cpp_pubsub/src/publisher_member_function.cpp:32:64:[m[K [01;31m[Kerror: [m[Kno matching function for call to â€˜[01m[KMinimalPublisher::create_publisher<<expression error> >(const char [6], int)[m[Kâ€™
   32 |  publisher_ = [01;31m[Kthis->create_publisher<std_msgs::msg::Float64>("topic", 10)[m[K;
      |               [01;31m[K~~~~~~~~~~~~~~~~~~~~~~~~~~~~~~~~~~~~~~~~~~~~~~^~~~~~~~~~~~~[m[K

In file included from [01m[K/opt/ros/humble/include/rclcpp/rclcpp/executors/single_threaded_executor.hpp:28[m[K,
                 from [01m[K/opt/ros/humble/include/rclcpp/rclcpp/executors.hpp:22[m[K,
                 from [01m[K/opt/ros/humble/include/rclcpp/rclcpp/rclcpp.hpp:155[m[K,
                 from [01m[K/home/t-lemmel/Aquabot_Tom/src/cpp_pubsub/src/publisher_member_function.cpp:18[m[K:
[01m[K/opt/ros/humble/include/rclcpp/rclcpp/node.hpp:195:3:[m[K [01;36m[Knote: [m[Kcandidate: â€˜[01m[Ktemplate<class MessageT, class AllocatorT, class PublisherT> std::shared_ptr<PublisherT> rclcpp::Node::create_publisher(const string&, const rclcpp::QoS&, const rclcpp::PublisherOptionsWithAllocator<AllocatorT>&)[m[Kâ€™
  195 |   [01;36m[Kcreate_publisher[m[K(
      |   [01;36m[K^~~~~~~~~~~~~~~~[m[K
[01m[K/opt/ros/humble/include/rclcpp/rclcpp/node.hpp:195:3:[m[K [01;36m[Knote: [m[K  template argument deduction/substitution failed:
[01m[K/home/t-lemmel/Aquabot_Tom/src/cpp_pubsub/src/publisher_member_function.cpp:32:64:[m[K [01;31m[Kerror: [m[Ktemplate argument 1 is invalid
   32 |  publisher_ = [01;31m[Kthis->create_publisher<std_msgs::msg::Float64>("topic", 10)[m[K;
      |               [01;31m[K~~~~~~~~~~~~~~~~~~~~~~~~~~~~~~~~~~~~~~~~~~~~~~^~~~~~~~~~~~~[m[K

[01m[K/home/t-lemmel/Aquabot_Tom/src/cpp_pubsub/src/publisher_member_function.cpp:[m[K In member function â€˜[01m[Kvoid MinimalPublisher::timer_callback()[m[Kâ€™:
[01m[K/home/t-lemmel/Aquabot_Tom/src/cpp_pubsub/src/publisher_member_function.cpp:40:35:[m[K [01;31m[Kerror: [m[Kâ€˜[01m[KFloat64[m[Kâ€™ is not a member of â€˜[01m[Kstd_msgs::msg[m[Kâ€™
   40 |     auto message = std_msgs::msg::[01;31m[KFloat64[m[K();
      |                                   [01;31m[K^~~~~~~[m[K
[01m[K/home/t-lemmel/Aquabot_Tom/src/cpp_pubsub/src/publisher_member_function.cpp:43:5:[m[K [01;31m[Kerror: [m[Kâ€˜[01m[Kpublisher_[m[Kâ€™ was not declared in this scope; did you mean â€˜[01m[Krmw_publisher_t[m[Kâ€™?
   43 |     [01;31m[Kpublisher_[m[K->publish(message);
      |     [01;31m[K^~~~~~~~~~[m[K
      |     [32m[Krmw_publisher_t[m[K
In file included from [01m[K/opt/ros/humble/include/rclcpp/rclcpp/logging.hpp:24[m[K,
                 from [01m[K/opt/ros/humble/include/rclcpp/rclcpp/client.hpp:40[m[K,
                 from [01m[K/opt/ros/humble/include/rclcpp/rclcpp/callback_group.hpp:24[m[K,
                 from [01m[K/opt/ros/humble/include/rclcpp/rclcpp/any_executable.hpp:20[m[K,
                 from [01m[K/opt/ros/humble/include/rclcpp/rclcpp/memory_strategy.hpp:25[m[K,
                 from [01m[K/opt/ros/humble/include/rclcpp/rclcpp/memory_strategies.hpp:18[m[K,
                 from [01m[K/opt/ros/humble/include/rclcpp/rclcpp/executor_options.hpp:20[m[K,
                 from [01m[K/opt/ros/humble/include/rclcpp/rclcpp/executor.hpp:37[m[K,
                 from [01m[K/opt/ros/humble/include/rclcpp/rclcpp/executors/multi_threaded_executor.hpp:25[m[K,
                 from [01m[K/opt/ros/humble/include/rclcpp/rclcpp/executors.hpp:21[m[K,
                 from [01m[K/opt/ros/humble/include/rclcpp/rclcpp/rclcpp.hpp:155[m[K,
                 from [01m[K/home/t-lemmel/Aquabot_Tom/src/cpp_pubsub/src/subscriber_member_function.cpp:17[m[K:
[01m[K/home/t-lemmel/Aquabot_Tom/src/cpp_pubsub/src/subscriber_member_function.cpp:[m[K In member function â€˜[01m[Kvoid MinimalSubscriber::topic_callback(std_msgs::msg::Float64_<std::allocator<void> >::SharedPtr) const[m[Kâ€™:
[01m[K/home/t-lemmel/Aquabot_Tom/src/cpp_pubsub/src/subscriber_member_function.cpp:34:64:[m[K [01;31m[Kerror: [m[Krequest for member â€˜[01m[Kc_str[m[Kâ€™ in â€˜[01m[K((const std::__shared_ptr_access<std_msgs::msg::Float64_<std::allocator<void> >, __gnu_cxx::_S_atomic, false, false>*)(& msg))->std::__shared_ptr_access<std_msgs::msg::Float64_<std::allocator<void> >, __gnu_cxx::_S_atomic, false, false>::operator->()->std_msgs::msg::Float64_<std::allocator<void> >::data[m[Kâ€™, which is of non-class type â€˜[01m[Kstd_msgs::msg::Float64_<std::allocator<void> >::_data_type[m[Kâ€™ {aka â€˜[01m[Kdouble[m[Kâ€™}
   34 |     RCLCPP_INFO(this->get_logger(), "I heard: '%s'", msg->data.[01;31m[Kc_str[m[K());
      |                                                                [01;31m[K^~~~~[m[K
gmake[2]: *** [CMakeFiles/talker.dir/build.make:76: CMakeFiles/talker.dir/src/publisher_member_function.cpp.o] Error 1
gmake[1]: *** [CMakeFiles/Makefile2:139: CMakeFiles/talker.dir/all] Error 2
gmake[1]: *** Waiting for unfinished jobs....
gmake[2]: *** [CMakeFiles/listener.dir/build.make:76: CMakeFiles/listener.dir/src/subscriber_member_function.cpp.o] Error 1
gmake[1]: *** [CMakeFiles/Makefile2:165: CMakeFiles/listener.dir/all] Error 2
gmake: *** [Makefile:146: all] Error 2
