[0.457s] Invoking command in '/home/t-lemmel/Aquabot_Tom/build/cpp_pubsub': CMAKE_PREFIX_PATH=${CMAKE_PREFIX_PATH}:/opt/ros/humble PS1_ori=\[\e]0;\u@\h: \w\a\]${debian_chroot:+($debian_chroot)}\[\033[01;32m\]\u@\h\[\033[00m\]:\[\033[01;34m\]\w\[\033[00m\]\$ /usr/bin/cmake /home/t-lemmel/Aquabot_Tom/src/cpp_pubsub -DAMENT_CMAKE_SYMLINK_INSTALL=1 -DCMAKE_INSTALL_PREFIX=/home/t-lemmel/Aquabot_Tom/install/cpp_pubsub
[0.583s] -- The C compiler identification is GNU 11.4.0
[0.710s] -- The CXX compiler identification is GNU 11.4.0
[0.721s] -- Detecting C compiler ABI info
[0.895s] -- Detecting C compiler ABI info - done
[0.914s] -- Check for working C compiler: /usr/bin/cc - skipped
[0.916s] -- Detecting C compile features
[0.916s] -- Detecting C compile features - done
[0.922s] -- Detecting CXX compiler ABI info
[1.084s] -- Detecting CXX compiler ABI info - done
[1.105s] -- Check for working CXX compiler: /usr/bin/c++ - skipped
[1.106s] -- Detecting CXX compile features
[1.108s] -- Detecting CXX compile features - done
[1.112s] -- Found ament_cmake: 1.3.5 (/opt/ros/humble/share/ament_cmake/cmake)
[1.529s] -- Found Python3: /usr/bin/python3.10 (found version "3.10.12") found components: Interpreter 
[1.688s] -- Override CMake install command with custom implementation using symlinks instead of copying resources
[1.750s] -- Found rclcpp: 16.0.6 (/opt/ros/humble/share/rclcpp/cmake)
[1.831s] -- Found rosidl_generator_c: 3.1.5 (/opt/ros/humble/share/rosidl_generator_c/cmake)
[1.842s] -- Found rosidl_adapter: 3.1.5 (/opt/ros/humble/share/rosidl_adapter/cmake)
[1.861s] -- Found rosidl_generator_cpp: 3.1.5 (/opt/ros/humble/share/rosidl_generator_cpp/cmake)
[1.894s] -- Using all available rosidl_typesupport_c: rosidl_typesupport_fastrtps_c;rosidl_typesupport_introspection_c
[1.941s] -- Using all available rosidl_typesupport_cpp: rosidl_typesupport_fastrtps_cpp;rosidl_typesupport_introspection_cpp
[2.111s] -- Found rmw_implementation_cmake: 6.1.1 (/opt/ros/humble/share/rmw_implementation_cmake/cmake)
[2.117s] -- Found rmw_fastrtps_cpp: 6.2.4 (/opt/ros/humble/share/rmw_fastrtps_cpp/cmake)
[2.302s] -- Found OpenSSL: /usr/lib/x86_64-linux-gnu/libcrypto.so (found version "3.0.2")  
[2.366s] -- Found FastRTPS: /opt/ros/humble/include  
[2.477s] -- Using RMW implementation 'rmw_fastrtps_cpp' as default
[2.499s] -- Looking for pthread.h
[2.652s] -- Looking for pthread.h - found
[2.653s] -- Performing Test CMAKE_HAVE_LIBC_PTHREAD
[2.825s] -- Performing Test CMAKE_HAVE_LIBC_PTHREAD - Success
[2.828s] -- Found Threads: TRUE  
[3.260s] -- Found ament_lint_auto: 0.12.8 (/opt/ros/humble/share/ament_lint_auto/cmake)
[3.521s] -- Added test 'cppcheck' to perform static code analysis on C / C++ code
[3.523s] -- Configured cppcheck include dirs: 
[3.524s] -- Configured cppcheck exclude dirs and/or files: 
[3.527s] -- Added test 'flake8' to check Python code syntax and style conventions
[3.535s] -- Added test 'lint_cmake' to check CMake code style
[3.539s] -- Added test 'pep257' to check Python code against some of the docstring style conventions in PEP 257
[3.565s] -- Added test 'uncrustify' to check C / C++ code style
[3.565s] -- Configured uncrustify additional arguments: 
[3.570s] -- Added test 'xmllint' to check XML markup files
[3.574s] -- Configuring done
[3.604s] -- Generating done
[3.608s] -- Build files have been written to: /home/t-lemmel/Aquabot_Tom/build/cpp_pubsub
[3.630s] Invoked command in '/home/t-lemmel/Aquabot_Tom/build/cpp_pubsub' returned '0': CMAKE_PREFIX_PATH=${CMAKE_PREFIX_PATH}:/opt/ros/humble PS1_ori=\[\e]0;\u@\h: \w\a\]${debian_chroot:+($debian_chroot)}\[\033[01;32m\]\u@\h\[\033[00m\]:\[\033[01;34m\]\w\[\033[00m\]\$ /usr/bin/cmake /home/t-lemmel/Aquabot_Tom/src/cpp_pubsub -DAMENT_CMAKE_SYMLINK_INSTALL=1 -DCMAKE_INSTALL_PREFIX=/home/t-lemmel/Aquabot_Tom/install/cpp_pubsub
[3.633s] Invoking command in '/home/t-lemmel/Aquabot_Tom/build/cpp_pubsub': CMAKE_PREFIX_PATH=${CMAKE_PREFIX_PATH}:/opt/ros/humble PS1_ori=\[\e]0;\u@\h: \w\a\]${debian_chroot:+($debian_chroot)}\[\033[01;32m\]\u@\h\[\033[00m\]:\[\033[01;34m\]\w\[\033[00m\]\$ /usr/bin/cmake --build /home/t-lemmel/Aquabot_Tom/build/cpp_pubsub -- -j8 -l8
[3.747s] [ 25%] [32mBuilding CXX object CMakeFiles/talker.dir/src/publisher_member_function.cpp.o[0m
[3.748s] [ 50%] [32mBuilding CXX object CMakeFiles/listener.dir/src/subscriber_member_function.cpp.o[0m
[10.508s] [01m[K/home/t-lemmel/Aquabot_Tom/src/cpp_pubsub/src/publisher_member_function.cpp:46:54:[m[K [01;31m[Kerror: [m[Ktemplate argument 1 is invalid
[10.508s]    46 |   rclcpp::Publisher<std_msgs::msg::String::SharedPtr [01;31m[Kpublisher_[m[K;
[10.509s]       |                                                      [01;31m[K^~~~~~~~~~[m[K
[10.526s] [01m[K/home/t-lemmel/Aquabot_Tom/src/cpp_pubsub/src/publisher_member_function.cpp:[m[K In constructor â€˜[01m[KMinimalPublisher::MinimalPublisher()[m[Kâ€™:
[10.526s] [01m[K/home/t-lemmel/Aquabot_Tom/src/cpp_pubsub/src/publisher_member_function.cpp:32:5:[m[K [01;31m[Kerror: [m[Kâ€˜[01m[Kpublisher_[m[Kâ€™ was not declared in this scope; did you mean â€˜[01m[Krmw_publisher_t[m[Kâ€™?
[10.526s]    32 |     [01;31m[Kpublisher_[m[K = this->create_publisher<std_msgs::msg::Float64>("topic", 10);
[10.526s]       |     [01;31m[K^~~~~~~~~~[m[K
[10.527s]       |     [32m[Krmw_publisher_t[m[K
[10.528s] [01m[K/home/t-lemmel/Aquabot_Tom/src/cpp_pubsub/src/publisher_member_function.cpp:32:56:[m[K [01;31m[Kerror: [m[Kâ€˜[01m[KFloat64[m[Kâ€™ is not a member of â€˜[01m[Kstd_msgs::msg[m[Kâ€™
[10.528s]    32 |     publisher_ = this->create_publisher<std_msgs::msg::[01;31m[KFloat64[m[K>("topic", 10);
[10.529s]       |                                                        [01;31m[K^~~~~~~[m[K
[10.529s] [01m[K/home/t-lemmel/Aquabot_Tom/src/cpp_pubsub/src/publisher_member_function.cpp:32:64:[m[K [01;31m[Kerror: [m[Kno matching function for call to â€˜[01m[KMinimalPublisher::create_publisher<<expression error> >(const char [6], int)[m[Kâ€™
[10.529s]    32 |  publisher_ = [01;31m[Kthis->create_publisher<std_msgs::msg::Float64>("topic", 10)[m[K;
[10.530s]       |               [01;31m[K~~~~~~~~~~~~~~~~~~~~~~~~~~~~~~~~~~~~~~~~~~~~~~^~~~~~~~~~~~~[m[K
[10.530s] 
[10.530s] In file included from [01m[K/opt/ros/humble/include/rclcpp/rclcpp/executors/single_threaded_executor.hpp:28[m[K,
[10.531s]                  from [01m[K/opt/ros/humble/include/rclcpp/rclcpp/executors.hpp:22[m[K,
[10.531s]                  from [01m[K/opt/ros/humble/include/rclcpp/rclcpp/rclcpp.hpp:155[m[K,
[10.531s]                  from [01m[K/home/t-lemmel/Aquabot_Tom/src/cpp_pubsub/src/publisher_member_function.cpp:18[m[K:
[10.531s] [01m[K/opt/ros/humble/include/rclcpp/rclcpp/node.hpp:195:3:[m[K [01;36m[Knote: [m[Kcandidate: â€˜[01m[Ktemplate<class MessageT, class AllocatorT, class PublisherT> std::shared_ptr<PublisherT> rclcpp::Node::create_publisher(const string&, const rclcpp::QoS&, const rclcpp::PublisherOptionsWithAllocator<AllocatorT>&)[m[Kâ€™
[10.532s]   195 |   [01;36m[Kcreate_publisher[m[K(
[10.532s]       |   [01;36m[K^~~~~~~~~~~~~~~~[m[K
[10.532s] [01m[K/opt/ros/humble/include/rclcpp/rclcpp/node.hpp:195:3:[m[K [01;36m[Knote: [m[K  template argument deduction/substitution failed:
[10.532s] [01m[K/home/t-lemmel/Aquabot_Tom/src/cpp_pubsub/src/publisher_member_function.cpp:32:64:[m[K [01;31m[Kerror: [m[Ktemplate argument 1 is invalid
[10.532s]    32 |  publisher_ = [01;31m[Kthis->create_publisher<std_msgs::msg::Float64>("topic", 10)[m[K;
[10.533s]       |               [01;31m[K~~~~~~~~~~~~~~~~~~~~~~~~~~~~~~~~~~~~~~~~~~~~~~^~~~~~~~~~~~~[m[K
[10.533s] 
[10.556s] [01m[K/home/t-lemmel/Aquabot_Tom/src/cpp_pubsub/src/publisher_member_function.cpp:[m[K In member function â€˜[01m[Kvoid MinimalPublisher::timer_callback()[m[Kâ€™:
[10.557s] [01m[K/home/t-lemmel/Aquabot_Tom/src/cpp_pubsub/src/publisher_member_function.cpp:40:35:[m[K [01;31m[Kerror: [m[Kâ€˜[01m[KFloat64[m[Kâ€™ is not a member of â€˜[01m[Kstd_msgs::msg[m[Kâ€™
[10.557s]    40 |     auto message = std_msgs::msg::[01;31m[KFloat64[m[K();
[10.557s]       |                                   [01;31m[K^~~~~~~[m[K
[10.573s] [01m[K/home/t-lemmel/Aquabot_Tom/src/cpp_pubsub/src/publisher_member_function.cpp:43:5:[m[K [01;31m[Kerror: [m[Kâ€˜[01m[Kpublisher_[m[Kâ€™ was not declared in this scope; did you mean â€˜[01m[Krmw_publisher_t[m[Kâ€™?
[10.573s]    43 |     [01;31m[Kpublisher_[m[K->publish(message);
[10.574s]       |     [01;31m[K^~~~~~~~~~[m[K
[10.574s]       |     [32m[Krmw_publisher_t[m[K
[10.845s] In file included from [01m[K/opt/ros/humble/include/rclcpp/rclcpp/logging.hpp:24[m[K,
[10.845s]                  from [01m[K/opt/ros/humble/include/rclcpp/rclcpp/client.hpp:40[m[K,
[10.845s]                  from [01m[K/opt/ros/humble/include/rclcpp/rclcpp/callback_group.hpp:24[m[K,
[10.845s]                  from [01m[K/opt/ros/humble/include/rclcpp/rclcpp/any_executable.hpp:20[m[K,
[10.845s]                  from [01m[K/opt/ros/humble/include/rclcpp/rclcpp/memory_strategy.hpp:25[m[K,
[10.845s]                  from [01m[K/opt/ros/humble/include/rclcpp/rclcpp/memory_strategies.hpp:18[m[K,
[10.846s]                  from [01m[K/opt/ros/humble/include/rclcpp/rclcpp/executor_options.hpp:20[m[K,
[10.846s]                  from [01m[K/opt/ros/humble/include/rclcpp/rclcpp/executor.hpp:37[m[K,
[10.846s]                  from [01m[K/opt/ros/humble/include/rclcpp/rclcpp/executors/multi_threaded_executor.hpp:25[m[K,
[10.846s]                  from [01m[K/opt/ros/humble/include/rclcpp/rclcpp/executors.hpp:21[m[K,
[10.846s]                  from [01m[K/opt/ros/humble/include/rclcpp/rclcpp/rclcpp.hpp:155[m[K,
[10.846s]                  from [01m[K/home/t-lemmel/Aquabot_Tom/src/cpp_pubsub/src/subscriber_member_function.cpp:17[m[K:
[10.846s] [01m[K/home/t-lemmel/Aquabot_Tom/src/cpp_pubsub/src/subscriber_member_function.cpp:[m[K In member function â€˜[01m[Kvoid MinimalSubscriber::topic_callback(std_msgs::msg::Float64_<std::allocator<void> >::SharedPtr) const[m[Kâ€™:
[10.847s] [01m[K/home/t-lemmel/Aquabot_Tom/src/cpp_pubsub/src/subscriber_member_function.cpp:34:64:[m[K [01;31m[Kerror: [m[Krequest for member â€˜[01m[Kc_str[m[Kâ€™ in â€˜[01m[K((const std::__shared_ptr_access<std_msgs::msg::Float64_<std::allocator<void> >, __gnu_cxx::_S_atomic, false, false>*)(& msg))->std::__shared_ptr_access<std_msgs::msg::Float64_<std::allocator<void> >, __gnu_cxx::_S_atomic, false, false>::operator->()->std_msgs::msg::Float64_<std::allocator<void> >::data[m[Kâ€™, which is of non-class type â€˜[01m[Kstd_msgs::msg::Float64_<std::allocator<void> >::_data_type[m[Kâ€™ {aka â€˜[01m[Kdouble[m[Kâ€™}
[10.847s]    34 |     RCLCPP_INFO(this->get_logger(), "I heard: '%s'", msg->data.[01;31m[Kc_str[m[K());
[10.847s]       |                                                                [01;31m[K^~~~~[m[K
[11.802s] gmake[2]: *** [CMakeFiles/talker.dir/build.make:76: CMakeFiles/talker.dir/src/publisher_member_function.cpp.o] Error 1
[11.802s] gmake[1]: *** [CMakeFiles/Makefile2:139: CMakeFiles/talker.dir/all] Error 2
[11.803s] gmake[1]: *** Waiting for unfinished jobs....
[16.840s] gmake[2]: *** [CMakeFiles/listener.dir/build.make:76: CMakeFiles/listener.dir/src/subscriber_member_function.cpp.o] Error 1
[16.841s] gmake[1]: *** [CMakeFiles/Makefile2:165: CMakeFiles/listener.dir/all] Error 2
[16.841s] gmake: *** [Makefile:146: all] Error 2
[16.844s] Invoked command in '/home/t-lemmel/Aquabot_Tom/build/cpp_pubsub' returned '2': CMAKE_PREFIX_PATH=${CMAKE_PREFIX_PATH}:/opt/ros/humble PS1_ori=\[\e]0;\u@\h: \w\a\]${debian_chroot:+($debian_chroot)}\[\033[01;32m\]\u@\h\[\033[00m\]:\[\033[01;34m\]\w\[\033[00m\]\$ /usr/bin/cmake --build /home/t-lemmel/Aquabot_Tom/build/cpp_pubsub -- -j8 -l8
