[0.066s] Invoking command in '/home/t-lemmel/Aquabot_Tom/test/build/package_thruster_activation': CMAKE_PREFIX_PATH=${CMAKE_PREFIX_PATH}:/opt/ros/humble /usr/bin/cmake --build /home/t-lemmel/Aquabot_Tom/test/build/package_thruster_activation -- -j8 -l8
[0.104s] [35m[1mConsolidate compiler generated dependencies of target thruster_activation[0m
[0.123s] [ 50%] [32mBuilding CXX object CMakeFiles/thruster_activation.dir/src/thruster_activation.cpp.o[0m
[2.175s] [01m[K/home/t-lemmel/Aquabot_Tom/test/package_thruster_activation/src/thruster_activation.cpp:[m[K In function â€˜[01m[Kint main(int, char**)[m[Kâ€™:
[2.175s] [01m[K/home/t-lemmel/Aquabot_Tom/test/package_thruster_activation/src/thruster_activation.cpp:12:60:[m[K [01;31m[Kerror: [m[Kâ€˜[01m[KInt32[m[Kâ€™ is not a member of â€˜[01m[Kstd_msgs::msg[m[Kâ€™
[2.175s]    12 |     auto publisher = node->create_publisher<std_msgs::msg::[01;31m[KInt32[m[K>("/wamv/thrusters/main/thrust", 10);
[2.176s]       |                                                            [01;31m[K^~~~~[m[K
[2.176s] [01m[K/home/t-lemmel/Aquabot_Tom/test/package_thruster_activation/src/thruster_activation.cpp:12:66:[m[K [01;31m[Kerror: [m[Kno matching function for call to â€˜[01m[Krclcpp::Node::create_publisher<<expression error> >(const char [28], int)[m[Kâ€™
[2.176s]    12 |     auto publisher = [01;31m[Knode->create_publisher<std_msgs::msg::Int32>("/wamv/thrusters/main/thrust", 10)[m[K;
[2.176s]       |                      [01;31m[K~~~~~~~~~~~~~~~~~~~~~~~~~~~~~~~~~~~~~~~~~~~~^~~~~~~~~~~~~~~~~~~~~~~~~~~~~~~~~~~[m[K
[2.176s] In file included from [01m[K/opt/ros/humble/include/rclcpp/rclcpp/executors/single_threaded_executor.hpp:28[m[K,
[2.176s]                  from [01m[K/opt/ros/humble/include/rclcpp/rclcpp/executors.hpp:22[m[K,
[2.176s]                  from [01m[K/opt/ros/humble/include/rclcpp/rclcpp/rclcpp.hpp:155[m[K,
[2.176s]                  from [01m[K/home/t-lemmel/Aquabot_Tom/test/package_thruster_activation/src/thruster_activation.cpp:1[m[K:
[2.176s] [01m[K/opt/ros/humble/include/rclcpp/rclcpp/node.hpp:195:3:[m[K [01;36m[Knote: [m[Kcandidate: â€˜[01m[Ktemplate<class MessageT, class AllocatorT, class PublisherT> std::shared_ptr<PublisherT> rclcpp::Node::create_publisher(const string&, const rclcpp::QoS&, const rclcpp::PublisherOptionsWithAllocator<AllocatorT>&)[m[Kâ€™
[2.176s]   195 |   [01;36m[Kcreate_publisher[m[K(
[2.176s]       |   [01;36m[K^~~~~~~~~~~~~~~~[m[K
[2.176s] [01m[K/opt/ros/humble/include/rclcpp/rclcpp/node.hpp:195:3:[m[K [01;36m[Knote: [m[K  template argument deduction/substitution failed:
[2.176s] [01m[K/home/t-lemmel/Aquabot_Tom/test/package_thruster_activation/src/thruster_activation.cpp:12:66:[m[K [01;31m[Kerror: [m[Ktemplate argument 1 is invalid
[2.176s]    12 |     auto publisher = [01;31m[Knode->create_publisher<std_msgs::msg::Int32>("/wamv/thrusters/main/thrust", 10)[m[K;
[2.176s]       |                      [01;31m[K~~~~~~~~~~~~~~~~~~~~~~~~~~~~~~~~~~~~~~~~~~~~^~~~~~~~~~~~~~~~~~~~~~~~~~~~~~~~~~~[m[K
[2.201s] In file included from [01m[K/opt/ros/humble/include/rclcpp/rclcpp/logging.hpp:24[m[K,
[2.201s]                  from [01m[K/opt/ros/humble/include/rclcpp/rclcpp/client.hpp:40[m[K,
[2.202s]                  from [01m[K/opt/ros/humble/include/rclcpp/rclcpp/callback_group.hpp:24[m[K,
[2.202s]                  from [01m[K/opt/ros/humble/include/rclcpp/rclcpp/any_executable.hpp:20[m[K,
[2.202s]                  from [01m[K/opt/ros/humble/include/rclcpp/rclcpp/memory_strategy.hpp:25[m[K,
[2.202s]                  from [01m[K/opt/ros/humble/include/rclcpp/rclcpp/memory_strategies.hpp:18[m[K,
[2.202s]                  from [01m[K/opt/ros/humble/include/rclcpp/rclcpp/executor_options.hpp:20[m[K,
[2.202s]                  from [01m[K/opt/ros/humble/include/rclcpp/rclcpp/executor.hpp:37[m[K,
[2.202s]                  from [01m[K/opt/ros/humble/include/rclcpp/rclcpp/executors/multi_threaded_executor.hpp:25[m[K,
[2.202s]                  from [01m[K/opt/ros/humble/include/rclcpp/rclcpp/executors.hpp:21[m[K,
[2.202s]                  from [01m[K/opt/ros/humble/include/rclcpp/rclcpp/rclcpp.hpp:155[m[K,
[2.202s]                  from [01m[K/home/t-lemmel/Aquabot_Tom/test/package_thruster_activation/src/thruster_activation.cpp:1[m[K:
[2.202s] [01m[K/home/t-lemmel/Aquabot_Tom/test/package_thruster_activation/src/thruster_activation.cpp:24:41:[m[K [01;35m[Kwarning: [m[Kformat â€˜[01m[K%d[m[Kâ€™ expects argument of type â€˜[01m[Kint[m[Kâ€™, but argument 5 has type â€˜[01m[Kdouble[m[Kâ€™ [[01;35m[K]8;;https://gcc.gnu.org/onlinedocs/gcc/Warning-Options.html#index-Wformat=-Wformat=]8;;[m[K]
[2.202s]    24 |         RCLCPP_INFO(node->get_logger(), [01;35m[K"Publishing: %d"[m[K, [32m[Kmessage.data[m[K);
[2.202s]       |                                         [01;35m[K^~~~~~~~~~~~~~~~[m[K  [32m[K~~~~~~~~~~~~[m[K
[2.202s]       |                                                                   [32m[K|[m[K
[2.202s]       |                                                                   [32m[Kdouble[m[K
[2.203s] [01m[K/home/t-lemmel/Aquabot_Tom/test/package_thruster_activation/src/thruster_activation.cpp:24:55:[m[K [01;36m[Knote: [m[Kformat string is defined here
[2.203s]    24 |         RCLCPP_INFO(node->get_logger(), "Publishing: [01;36m[K%d[m[K", message.data);
[2.203s]       |                                                      [01;36m[K~^[m[K
[2.203s]       |                                                       [01;36m[K|[m[K
[2.203s]       |                                                       [01;36m[Kint[m[K
[2.203s]       |                                                      [32m[K%f[m[K
[2.591s] gmake[2]: *** [CMakeFiles/thruster_activation.dir/build.make:76: CMakeFiles/thruster_activation.dir/src/thruster_activation.cpp.o] Error 1
[2.592s] gmake[1]: *** [CMakeFiles/Makefile2:137: CMakeFiles/thruster_activation.dir/all] Error 2
[2.592s] gmake: *** [Makefile:146: all] Error 2
[2.594s] Invoked command in '/home/t-lemmel/Aquabot_Tom/test/build/package_thruster_activation' returned '2': CMAKE_PREFIX_PATH=${CMAKE_PREFIX_PATH}:/opt/ros/humble /usr/bin/cmake --build /home/t-lemmel/Aquabot_Tom/test/build/package_thruster_activation -- -j8 -l8
