[35m[1mConsolidate compiler generated dependencies of target listenerfloat[0m
[ 25%] [32mBuilding CXX object CMakeFiles/talkerfloat.dir/src/publisher_float.cpp.o[0m
[ 50%] [32mBuilding CXX object CMakeFiles/listenerfloat.dir/src/subscriber_float.cpp.o[0m
[01m[K/home/t-lemmel/Aquabot_Tom/test/test_float/src/publisher_float.cpp:1:10:[m[K [01;31m[Kfatal error: [m[Kros/ros.h: No such file or directory
    1 | #include [01;31m[K"ros/ros.h"[m[K
      |          [01;31m[K^~~~~~~~~~~[m[K
compilation terminated.
gmake[2]: *** [CMakeFiles/talkerfloat.dir/build.make:76: CMakeFiles/talkerfloat.dir/src/publisher_float.cpp.o] Error 1
gmake[1]: *** [CMakeFiles/Makefile2:139: CMakeFiles/talkerfloat.dir/all] Error 2
gmake[1]: *** Waiting for unfinished jobs....
In file included from [01m[K/opt/ros/humble/include/rclcpp/rclcpp/logging.hpp:24[m[K,
                 from [01m[K/opt/ros/humble/include/rclcpp/rclcpp/client.hpp:40[m[K,
                 from [01m[K/opt/ros/humble/include/rclcpp/rclcpp/callback_group.hpp:24[m[K,
                 from [01m[K/opt/ros/humble/include/rclcpp/rclcpp/any_executable.hpp:20[m[K,
                 from [01m[K/opt/ros/humble/include/rclcpp/rclcpp/memory_strategy.hpp:25[m[K,
                 from [01m[K/opt/ros/humble/include/rclcpp/rclcpp/memory_strategies.hpp:18[m[K,
                 from [01m[K/opt/ros/humble/include/rclcpp/rclcpp/executor_options.hpp:20[m[K,
                 from [01m[K/opt/ros/humble/include/rclcpp/rclcpp/executor.hpp:37[m[K,
                 from [01m[K/opt/ros/humble/include/rclcpp/rclcpp/executors/multi_threaded_executor.hpp:25[m[K,
                 from [01m[K/opt/ros/humble/include/rclcpp/rclcpp/executors.hpp:21[m[K,
                 from [01m[K/opt/ros/humble/include/rclcpp/rclcpp/rclcpp.hpp:155[m[K,
                 from [01m[K/home/t-lemmel/Aquabot_Tom/test/test_float/src/subscriber_float.cpp:17[m[K:
[01m[K/home/t-lemmel/Aquabot_Tom/test/test_float/src/subscriber_float.cpp:[m[K In member function â€˜[01m[Kvoid MinimalSubscriber::topic_callback(std_msgs::msg::Float64_<std::allocator<void> >::SharedPtr) const[m[Kâ€™:
[01m[K/home/t-lemmel/Aquabot_Tom/test/test_float/src/subscriber_float.cpp:34:114:[m[K [01;31m[Kerror: [m[Kâ€˜[01m[Kaka[m[Kâ€™ was not declared in this scope
   34 |     RCLCPP_INFO(this->get_logger(), "I heard: '%f'", std_msgs::msg::Float64_<std::allocator<void> >::_data_type {[01;31m[Kaka[m[K double});
      |                                                                                                                  [01;31m[K^~~[m[K
[01m[K/home/t-lemmel/Aquabot_Tom/test/test_float/src/subscriber_float.cpp:34:113:[m[K [01;31m[Kerror: [m[Kexpected primary-expression before â€˜[01m[K{[m[Kâ€™ token
   34 |     RCLCPP_INFO(this->get_logger(), "I heard: '%f'", std_msgs::msg::Float64_<std::allocator<void> >::_data_type [01;31m[K{[m[Kaka double});
      |                                                                                                                 [01;31m[K^[m[K
[01m[K/home/t-lemmel/Aquabot_Tom/test/test_float/src/subscriber_float.cpp:32:63:[m[K [01;35m[Kwarning: [m[Kunused parameter â€˜[01m[Kmsg[m[Kâ€™ [[01;35m[K]8;;https://gcc.gnu.org/onlinedocs/gcc/Warning-Options.html#index-Wunused-parameter-Wunused-parameter]8;;[m[K]
   32 |   void topic_callback([01;35m[Kconst std_msgs::msg::Float64::SharedPtr msg[m[K) const
      |                       [01;35m[K~~~~~~~~~~~~~~~~~~~~~~~~~~~~~~~~~~~~~~~~^~~[m[K
gmake[2]: *** [CMakeFiles/listenerfloat.dir/build.make:76: CMakeFiles/listenerfloat.dir/src/subscriber_float.cpp.o] Error 1
gmake[1]: *** [CMakeFiles/Makefile2:165: CMakeFiles/listenerfloat.dir/all] Error 2
gmake: *** [Makefile:146: all] Error 2
