[35m[1mConsolidate compiler generated dependencies of target state_publisher[0m
[ 50%] Built target example_system
[ 75%] [32mBuilding CXX object CMakeFiles/state_publisher.dir/src/state_publisher.cpp.o[0m
[01m[K/home/t-lemmel/Aquabot_Tom/src/ros2_pid_library/example_system/src/state_publisher.cpp:32:1:[m[K [01;31m[Kerror: [m[Kunterminated argument list invoking macro "RCLCPP_INFO"
   32 | 
      | [01;31m[K^[m[K
[01m[K/home/t-lemmel/Aquabot_Tom/src/ros2_pid_library/example_system/src/state_publisher.cpp:[m[K In function â€˜[01m[Kvoid isolate_bearing(std_msgs::msg::Float64_<std::allocator<void> >::SharedPtr)[m[Kâ€™:
[01m[K/home/t-lemmel/Aquabot_Tom/src/ros2_pid_library/example_system/src/state_publisher.cpp:5:5:[m[K [01;31m[Kerror: [m[Kâ€˜[01m[KRCLCPP_INFO[m[Kâ€™ was not declared in this scope
    5 |     [01;31m[KRCLCPP_INFO[m[K(rclcpp::get_logger("rclcpp"), "Received: %.2f", msg;
      |     [01;31m[K^~~~~~~~~~~[m[K
[01m[K/home/t-lemmel/Aquabot_Tom/src/ros2_pid_library/example_system/src/state_publisher.cpp:5:16:[m[K [01;31m[Kerror: [m[Kexpected â€˜[01m[K}[m[Kâ€™ at end of input
    5 |     RCLCPP_INFO[01;31m[K([m[Krclcpp::get_logger("rclcpp"), "Received: %.2f", msg;
      |                [01;31m[K^[m[K
[01m[K/home/t-lemmel/Aquabot_Tom/src/ros2_pid_library/example_system/src/state_publisher.cpp:4:67:[m[K [01;36m[Knote: [m[Kto match this â€˜[01m[K{[m[Kâ€™
    4 | void isolate_bearing(const std_msgs::msg::Float64::SharedPtr msg) [01;36m[K{[m[K
      |                                                                   [01;36m[K^[m[K
[01m[K/home/t-lemmel/Aquabot_Tom/src/ros2_pid_library/example_system/src/state_publisher.cpp:4:62:[m[K [01;35m[Kwarning: [m[Kunused parameter â€˜[01m[Kmsg[m[Kâ€™ [[01;35m[K]8;;https://gcc.gnu.org/onlinedocs/gcc/Warning-Options.html#index-Wunused-parameter-Wunused-parameter]8;;[m[K]
    4 | void isolate_bearing([01;35m[Kconst std_msgs::msg::Float64::SharedPtr msg[m[K) {
      |                      [01;35m[K~~~~~~~~~~~~~~~~~~~~~~~~~~~~~~~~~~~~~~~~^~~[m[K
gmake[2]: *** [CMakeFiles/state_publisher.dir/build.make:76: CMakeFiles/state_publisher.dir/src/state_publisher.cpp.o] Error 1
gmake[1]: *** [CMakeFiles/Makefile2:165: CMakeFiles/state_publisher.dir/all] Error 2
gmake: *** [Makefile:146: all] Error 2
