[0.283s] Invoking command in '/home/t-lemmel/Aquabot_Tom/build/test_float': CMAKE_PREFIX_PATH=${CMAKE_PREFIX_PATH}:/opt/ros/humble PS1_ori=\[\e]0;\u@\h: \w\a\]${debian_chroot:+($debian_chroot)}\[\033[01;32m\]\u@\h\[\033[00m\]:\[\033[01;34m\]\w\[\033[00m\]\$ /usr/bin/cmake --build /home/t-lemmel/Aquabot_Tom/build/test_float -- -j8 -l8
[0.359s] -- Found ament_cmake: 1.3.5 (/opt/ros/humble/share/ament_cmake/cmake)
[0.882s] -- Override CMake install command with custom implementation using symlinks instead of copying resources
[0.910s] -- Found rclcpp: 16.0.6 (/opt/ros/humble/share/rclcpp/cmake)
[1.026s] -- Found rosidl_generator_c: 3.1.5 (/opt/ros/humble/share/rosidl_generator_c/cmake)
[1.038s] -- Found rosidl_adapter: 3.1.5 (/opt/ros/humble/share/rosidl_adapter/cmake)
[1.056s] -- Found rosidl_generator_cpp: 3.1.5 (/opt/ros/humble/share/rosidl_generator_cpp/cmake)
[1.101s] -- Using all available rosidl_typesupport_c: rosidl_typesupport_fastrtps_c;rosidl_typesupport_introspection_c
[1.166s] -- Using all available rosidl_typesupport_cpp: rosidl_typesupport_fastrtps_cpp;rosidl_typesupport_introspection_cpp
[1.396s] -- Found rmw_implementation_cmake: 6.1.1 (/opt/ros/humble/share/rmw_implementation_cmake/cmake)
[1.399s] -- Found rmw_fastrtps_cpp: 6.2.4 (/opt/ros/humble/share/rmw_fastrtps_cpp/cmake)
[1.819s] -- Using RMW implementation 'rmw_fastrtps_cpp' as default
[2.471s] -- Found ros_gz_interfaces: 0.244.11 (/opt/ros/humble/share/ros_gz_interfaces/cmake)
[3.071s] -- Found ament_lint_auto: 0.12.8 (/opt/ros/humble/share/ament_lint_auto/cmake)
[3.379s] -- Added test 'cppcheck' to perform static code analysis on C / C++ code
[3.379s] -- Configured cppcheck include dirs: 
[3.380s] -- Configured cppcheck exclude dirs and/or files: 
[3.384s] -- Added test 'flake8' to check Python code syntax and style conventions
[3.389s] -- Added test 'lint_cmake' to check CMake code style
[3.392s] -- Added test 'pep257' to check Python code against some of the docstring style conventions in PEP 257
[3.424s] -- Added test 'uncrustify' to check C / C++ code style
[3.424s] -- Configured uncrustify additional arguments: 
[3.430s] -- Added test 'xmllint' to check XML markup files
[3.433s] -- Configuring done
[3.501s] -- Generating done
[3.506s] -- Build files have been written to: /home/t-lemmel/Aquabot_Tom/build/test_float
[3.592s] [35m[1mConsolidate compiler generated dependencies of target listenerfloat[0m
[3.593s] [35m[1mConsolidate compiler generated dependencies of target state_publisher[0m
[3.600s] [35m[1mConsolidate compiler generated dependencies of target talkerfloat[0m
[3.605s] [35m[1mConsolidate compiler generated dependencies of target isolating_bearing[0m
[3.636s] [ 25%] Built target listenerfloat
[3.639s] [ 50%] Built target state_publisher
[3.649s] [ 75%] Built target talkerfloat
[3.662s] [ 87%] [32mBuilding CXX object CMakeFiles/isolating_bearing.dir/src/isolating_bearing.cpp.o[0m
[11.329s] [01m[K/home/t-lemmel/Aquabot_Tom/src/test_float/src/isolating_bearing.cpp:[m[K In function â€˜[01m[Kvoid isolate_bearing(ros_gz_interfaces::msg::ParamVec_<std::allocator<void> >::SharedPtr)[m[Kâ€™:
[11.329s] [01m[K/home/t-lemmel/Aquabot_Tom/src/test_float/src/isolating_bearing.cpp:10:43:[m[K [01;31m[Kerror: [m[Kcannot convert â€˜[01m[Kconst _value_type[m[Kâ€™ {aka â€˜[01m[Kconst rcl_interfaces::msg::ParameterValue_<std::allocator<void> >[m[Kâ€™} to â€˜[01m[Kfloat[m[Kâ€™ in initialization
[11.329s]    10 |                     float bearing = [01;31m[Kparam.value[m[K;
[11.330s]       |                                     [01;31m[K~~~~~~^~~~~[m[K
[11.330s]       |                                           [01;31m[K|[m[K
[11.330s]       |                                           [01;31m[Kconst _value_type {aka const rcl_interfaces::msg::ParameterValue_<std::allocator<void> >}[m[K
[18.841s] gmake[2]: *** [CMakeFiles/isolating_bearing.dir/build.make:76: CMakeFiles/isolating_bearing.dir/src/isolating_bearing.cpp.o] Error 1
[18.842s] gmake[1]: *** [CMakeFiles/Makefile2:221: CMakeFiles/isolating_bearing.dir/all] Error 2
[18.842s] gmake: *** [Makefile:146: all] Error 2
[18.847s] Invoked command in '/home/t-lemmel/Aquabot_Tom/build/test_float' returned '2': CMAKE_PREFIX_PATH=${CMAKE_PREFIX_PATH}:/opt/ros/humble PS1_ori=\[\e]0;\u@\h: \w\a\]${debian_chroot:+($debian_chroot)}\[\033[01;32m\]\u@\h\[\033[00m\]:\[\033[01;34m\]\w\[\033[00m\]\$ /usr/bin/cmake --build /home/t-lemmel/Aquabot_Tom/build/test_float -- -j8 -l8
