[0.079s] Invoking command in '/home/t-lemmel/Aquabot_Tom/test/build/test_float': CMAKE_PREFIX_PATH=${CMAKE_PREFIX_PATH}:/opt/ros/humble /usr/bin/cmake --build /home/t-lemmel/Aquabot_Tom/test/build/test_float -- -j8 -l8
[0.118s] [35m[1mConsolidate compiler generated dependencies of target talkerfloat[0m
[0.118s] [35m[1mConsolidate compiler generated dependencies of target listenerfloat[0m
[0.137s] [ 25%] [32mBuilding CXX object CMakeFiles/listenerfloat.dir/src/subscriber_float.cpp.o[0m
[0.137s] [ 50%] [32mBuilding CXX object CMakeFiles/talkerfloat.dir/src/publisher_float.cpp.o[0m
[2.411s] [01m[K/home/t-lemmel/Aquabot_Tom/test/test_float/src/publisher_float.cpp:46:54:[m[K [01;31m[Kerror: [m[Ktemplate argument 1 is invalid
[2.411s]    46 |   rclcpp::Publisher<std_msgs::msg::String::SharedPtr [01;31m[Kpublisher_[m[K;
[2.411s]       |                                                      [01;31m[K^~~~~~~~~~[m[K
[2.417s] [01m[K/home/t-lemmel/Aquabot_Tom/test/test_float/src/publisher_float.cpp:[m[K In constructor â€˜[01m[KMinimalPublisher::MinimalPublisher()[m[Kâ€™:
[2.417s] [01m[K/home/t-lemmel/Aquabot_Tom/test/test_float/src/publisher_float.cpp:32:5:[m[K [01;31m[Kerror: [m[Kâ€˜[01m[Kpublisher_[m[Kâ€™ was not declared in this scope; did you mean â€˜[01m[Krmw_publisher_t[m[Kâ€™?
[2.418s]    32 |     [01;31m[Kpublisher_[m[K = this->create_publisher<std_msgs::msg::Float64>("topic", 10);
[2.418s]       |     [01;31m[K^~~~~~~~~~[m[K
[2.418s]       |     [32m[Krmw_publisher_t[m[K
[2.418s] [01m[K/home/t-lemmel/Aquabot_Tom/test/test_float/src/publisher_float.cpp:32:56:[m[K [01;31m[Kerror: [m[Kâ€˜[01m[KFloat64[m[Kâ€™ is not a member of â€˜[01m[Kstd_msgs::msg[m[Kâ€™
[2.418s]    32 |     publisher_ = this->create_publisher<std_msgs::msg::[01;31m[KFloat64[m[K>("topic", 10);
[2.418s]       |                                                        [01;31m[K^~~~~~~[m[K
[2.418s] [01m[K/home/t-lemmel/Aquabot_Tom/test/test_float/src/publisher_float.cpp:32:64:[m[K [01;31m[Kerror: [m[Kno matching function for call to â€˜[01m[KMinimalPublisher::create_publisher<<expression error> >(const char [6], int)[m[Kâ€™
[2.419s]    32 |     publisher_ = [01;31m[Kthis->create_publisher<std_msgs::msg::Float64>("topic", 10)[m[K;
[2.419s]       |                  [01;31m[K~~~~~~~~~~~~~~~~~~~~~~~~~~~~~~~~~~~~~~~~~~~~~~^~~~~~~~~~~~~[m[K
[2.419s] In file included from [01m[K/opt/ros/humble/include/rclcpp/rclcpp/executors/single_threaded_executor.hpp:28[m[K,
[2.419s]                  from [01m[K/opt/ros/humble/include/rclcpp/rclcpp/executors.hpp:22[m[K,
[2.419s]                  from [01m[K/opt/ros/humble/include/rclcpp/rclcpp/rclcpp.hpp:155[m[K,
[2.419s]                  from [01m[K/home/t-lemmel/Aquabot_Tom/test/test_float/src/publisher_float.cpp:18[m[K:
[2.419s] [01m[K/opt/ros/humble/include/rclcpp/rclcpp/node.hpp:195:3:[m[K [01;36m[Knote: [m[Kcandidate: â€˜[01m[Ktemplate<class MessageT, class AllocatorT, class PublisherT> std::shared_ptr<PublisherT> rclcpp::Node::create_publisher(const string&, const rclcpp::QoS&, const rclcpp::PublisherOptionsWithAllocator<AllocatorT>&)[m[Kâ€™
[2.419s]   195 |   [01;36m[Kcreate_publisher[m[K(
[2.419s]       |   [01;36m[K^~~~~~~~~~~~~~~~[m[K
[2.419s] [01m[K/opt/ros/humble/include/rclcpp/rclcpp/node.hpp:195:3:[m[K [01;36m[Knote: [m[K  template argument deduction/substitution failed:
[2.419s] [01m[K/home/t-lemmel/Aquabot_Tom/test/test_float/src/publisher_float.cpp:32:64:[m[K [01;31m[Kerror: [m[Ktemplate argument 1 is invalid
[2.419s]    32 |     publisher_ = [01;31m[Kthis->create_publisher<std_msgs::msg::Float64>("topic", 10)[m[K;
[2.419s]       |                  [01;31m[K~~~~~~~~~~~~~~~~~~~~~~~~~~~~~~~~~~~~~~~~~~~~~~^~~~~~~~~~~~~[m[K
[2.428s] [01m[K/home/t-lemmel/Aquabot_Tom/test/test_float/src/publisher_float.cpp:[m[K In member function â€˜[01m[Kvoid MinimalPublisher::timer_callback()[m[Kâ€™:
[2.428s] [01m[K/home/t-lemmel/Aquabot_Tom/test/test_float/src/publisher_float.cpp:40:35:[m[K [01;31m[Kerror: [m[Kâ€˜[01m[KFloat64[m[Kâ€™ is not a member of â€˜[01m[Kstd_msgs::msg[m[Kâ€™
[2.428s]    40 |     auto message = std_msgs::msg::[01;31m[KFloat64[m[K();
[2.428s]       |                                   [01;31m[K^~~~~~~[m[K
[2.435s] [01m[K/home/t-lemmel/Aquabot_Tom/test/test_float/src/publisher_float.cpp:43:5:[m[K [01;31m[Kerror: [m[Kâ€˜[01m[Kpublisher_[m[Kâ€™ was not declared in this scope; did you mean â€˜[01m[Krmw_publisher_t[m[Kâ€™?
[2.435s]    43 |     [01;31m[Kpublisher_[m[K->publish(message);
[2.435s]       |     [01;31m[K^~~~~~~~~~[m[K
[2.435s]       |     [32m[Krmw_publisher_t[m[K
[2.476s] In file included from [01m[K/opt/ros/humble/include/rclcpp/rclcpp/logging.hpp:24[m[K,
[2.476s]                  from [01m[K/opt/ros/humble/include/rclcpp/rclcpp/client.hpp:40[m[K,
[2.476s]                  from [01m[K/opt/ros/humble/include/rclcpp/rclcpp/callback_group.hpp:24[m[K,
[2.476s]                  from [01m[K/opt/ros/humble/include/rclcpp/rclcpp/any_executable.hpp:20[m[K,
[2.476s]                  from [01m[K/opt/ros/humble/include/rclcpp/rclcpp/memory_strategy.hpp:25[m[K,
[2.476s]                  from [01m[K/opt/ros/humble/include/rclcpp/rclcpp/memory_strategies.hpp:18[m[K,
[2.476s]                  from [01m[K/opt/ros/humble/include/rclcpp/rclcpp/executor_options.hpp:20[m[K,
[2.476s]                  from [01m[K/opt/ros/humble/include/rclcpp/rclcpp/executor.hpp:37[m[K,
[2.476s]                  from [01m[K/opt/ros/humble/include/rclcpp/rclcpp/executors/multi_threaded_executor.hpp:25[m[K,
[2.476s]                  from [01m[K/opt/ros/humble/include/rclcpp/rclcpp/executors.hpp:21[m[K,
[2.476s]                  from [01m[K/opt/ros/humble/include/rclcpp/rclcpp/rclcpp.hpp:155[m[K,
[2.476s]                  from [01m[K/home/t-lemmel/Aquabot_Tom/test/test_float/src/subscriber_float.cpp:17[m[K:
[2.476s] [01m[K/home/t-lemmel/Aquabot_Tom/test/test_float/src/subscriber_float.cpp:[m[K In member function â€˜[01m[Kvoid MinimalSubscriber::topic_callback(std_msgs::msg::Float64_<std::allocator<void> >::SharedPtr) const[m[Kâ€™:
[2.476s] [01m[K/home/t-lemmel/Aquabot_Tom/test/test_float/src/subscriber_float.cpp:34:64:[m[K [01;31m[Kerror: [m[Krequest for member â€˜[01m[Kc_str[m[Kâ€™ in â€˜[01m[K((const std::__shared_ptr_access<std_msgs::msg::Float64_<std::allocator<void> >, __gnu_cxx::_S_atomic, false, false>*)(& msg))->std::__shared_ptr_access<std_msgs::msg::Float64_<std::allocator<void> >, __gnu_cxx::_S_atomic, false, false>::operator->()->std_msgs::msg::Float64_<std::allocator<void> >::data[m[Kâ€™, which is of non-class type â€˜[01m[Kstd_msgs::msg::Float64_<std::allocator<void> >::_data_type[m[Kâ€™ {aka â€˜[01m[Kdouble[m[Kâ€™}
[2.476s]    34 |     RCLCPP_INFO(this->get_logger(), "I heard: '%s'", msg->data.[01;31m[Kc_str[m[K());
[2.477s]       |                                                                [01;31m[K^~~~~[m[K
[2.903s] gmake[2]: *** [CMakeFiles/talkerfloat.dir/build.make:76: CMakeFiles/talkerfloat.dir/src/publisher_float.cpp.o] Error 1
[2.904s] gmake[1]: *** [CMakeFiles/Makefile2:139: CMakeFiles/talkerfloat.dir/all] Error 2
[2.904s] gmake[1]: *** Waiting for unfinished jobs....
[4.676s] gmake[2]: *** [CMakeFiles/listenerfloat.dir/build.make:76: CMakeFiles/listenerfloat.dir/src/subscriber_float.cpp.o] Error 1
[4.676s] gmake[1]: *** [CMakeFiles/Makefile2:165: CMakeFiles/listenerfloat.dir/all] Error 2
[4.676s] gmake: *** [Makefile:146: all] Error 2
[4.678s] Invoked command in '/home/t-lemmel/Aquabot_Tom/test/build/test_float' returned '2': CMAKE_PREFIX_PATH=${CMAKE_PREFIX_PATH}:/opt/ros/humble /usr/bin/cmake --build /home/t-lemmel/Aquabot_Tom/test/build/test_float -- -j8 -l8
