[0.118s] Invoking command in '/home/t-lemmel/Aquabot_Tom/build/test_float': CMAKE_PREFIX_PATH=${CMAKE_PREFIX_PATH}:/opt/ros/humble PS1_ori=\[\e]0;\u@\h: \w\a\]${debian_chroot:+($debian_chroot)}\[\033[01;32m\]\u@\h\[\033[00m\]:\[\033[01;34m\]\w\[\033[00m\]\$ /usr/bin/cmake --build /home/t-lemmel/Aquabot_Tom/build/test_float -- -j8 -l8
[0.194s] [35m[1mConsolidate compiler generated dependencies of target isolating_bearing[0m
[0.223s] [ 25%] Built target state_publisher
[0.223s] [ 50%] Built target listenerfloat
[0.227s] [ 75%] Built target talkerfloat
[0.232s] [ 87%] [32mBuilding CXX object CMakeFiles/isolating_bearing.dir/src/isolating_bearing.cpp.o[0m
[3.019s] [01m[K/home/t-lemmel/Aquabot_Tom/src/test_float/src/isolating_bearing.cpp:[m[K In function â€˜[01m[Kvoid isolate_bearing(ros_gz_interfaces::msg::ParamVec_<std::allocator<void> >::SharedPtr)[m[Kâ€™:
[3.019s] [01m[K/home/t-lemmel/Aquabot_Tom/src/test_float/src/isolating_bearing.cpp:15:5:[m[K [01;31m[Kerror: [m[Kâ€˜[01m[Kpublisher[m[Kâ€™ was not declared in this scope
[3.019s]    15 |     [01;31m[Kpublisher[m[K->publish(bearing);
[3.019s]       |     [01;31m[K^~~~~~~~~[m[K
[3.022s] [01m[K/home/t-lemmel/Aquabot_Tom/src/test_float/src/isolating_bearing.cpp:15:24:[m[K [01;31m[Kerror: [m[Kâ€˜[01m[Kbearing[m[Kâ€™ was not declared in this scope
[3.022s]    15 |     publisher->publish([01;31m[Kbearing[m[K);
[3.022s]       |                        [01;31m[K^~~~~~~[m[K
[3.025s] In file included from [01m[K/opt/ros/humble/include/rclcpp/rclcpp/client.hpp:40[m[K,
[3.025s]                  from [01m[K/opt/ros/humble/include/rclcpp/rclcpp/callback_group.hpp:24[m[K,
[3.025s]                  from [01m[K/opt/ros/humble/include/rclcpp/rclcpp/any_executable.hpp:20[m[K,
[3.026s]                  from [01m[K/opt/ros/humble/include/rclcpp/rclcpp/memory_strategy.hpp:25[m[K,
[3.026s]                  from [01m[K/opt/ros/humble/include/rclcpp/rclcpp/memory_strategies.hpp:18[m[K,
[3.026s]                  from [01m[K/opt/ros/humble/include/rclcpp/rclcpp/executor_options.hpp:20[m[K,
[3.026s]                  from [01m[K/opt/ros/humble/include/rclcpp/rclcpp/executor.hpp:37[m[K,
[3.026s]                  from [01m[K/opt/ros/humble/include/rclcpp/rclcpp/executors/multi_threaded_executor.hpp:25[m[K,
[3.026s]                  from [01m[K/opt/ros/humble/include/rclcpp/rclcpp/executors.hpp:21[m[K,
[3.026s]                  from [01m[K/opt/ros/humble/include/rclcpp/rclcpp/rclcpp.hpp:155[m[K,
[3.026s]                  from [01m[K/home/t-lemmel/Aquabot_Tom/src/test_float/src/isolating_bearing.cpp:1[m[K:
[3.026s] [01m[K/home/t-lemmel/Aquabot_Tom/src/test_float/src/isolating_bearing.cpp:16:17:[m[K [01;31m[Kerror: [m[Kâ€˜[01m[Knode[m[Kâ€™ was not declared in this scope
[3.026s]    16 |     RCLCPP_INFO([01;31m[Knode[m[K->get_logger(), "Publish: %f", bearing);
[3.026s]       |                 [01;31m[K^~~~[m[K
[3.026s] [01m[K/home/t-lemmel/Aquabot_Tom/src/test_float/src/isolating_bearing.cpp:16:5:[m[K [01;31m[Kerror: [m[Ktemplate argument 1 is invalid
[3.026s]    16 |     [01;31m[KRCLCPP_INFO[m[K(node->get_logger(), "Publish: %f", bearing);
[3.027s]       |     [01;31m[K^~~~~~~~~~~[m[K
[3.027s] [01m[K/home/t-lemmel/Aquabot_Tom/src/test_float/src/isolating_bearing.cpp:16:5:[m[K [01;31m[Kerror: [m[Kâ€˜[01m[K<declaration error>[m[Kâ€™ is not a template [[01;31m[K]8;;https://gcc.gnu.org/onlinedocs/gcc/Warning-Options.html#index-fpermissive-fpermissive]8;;[m[K]
[3.027s]    16 |     [01;31m[KRCLCPP_INFO[m[K(node->get_logger(), "Publish: %f", bearing);
[3.027s]       |     [01;31m[K^~~~~~~~~~~[m[K
[3.027s] [01m[K/home/t-lemmel/Aquabot_Tom/src/test_float/src/isolating_bearing.cpp:16:5:[m[K [01;31m[Kerror: [m[Ktemplate argument 1 is invalid
[3.027s]    16 |     [01;31m[KRCLCPP_INFO[m[K(node->get_logger(), "Publish: %f", bearing);
[3.027s]       |     [01;31m[K^~~~~~~~~~~[m[K
[3.027s] [01m[K/home/t-lemmel/Aquabot_Tom/src/test_float/src/isolating_bearing.cpp:16:5:[m[K [01;31m[Kerror: [m[Kâ€˜[01m[K<declaration error>[m[Kâ€™ is not a template [[01;31m[K]8;;https://gcc.gnu.org/onlinedocs/gcc/Warning-Options.html#index-fpermissive-fpermissive]8;;[m[K]
[3.027s]    16 |     [01;31m[KRCLCPP_INFO[m[K(node->get_logger(), "Publish: %f", bearing);
[3.027s]       |     [01;31m[K^~~~~~~~~~~[m[K
[3.027s] [01m[K/home/t-lemmel/Aquabot_Tom/src/test_float/src/isolating_bearing.cpp:16:5:[m[K [01;31m[Kerror: [m[Ktemplate argument 1 is invalid
[3.027s]    16 |     [01;31m[KRCLCPP_INFO[m[K(node->get_logger(), "Publish: %f", bearing);
[3.027s]       |     [01;31m[K^~~~~~~~~~~[m[K
[5.847s] gmake[2]: *** [CMakeFiles/isolating_bearing.dir/build.make:76: CMakeFiles/isolating_bearing.dir/src/isolating_bearing.cpp.o] Error 1
[5.847s] gmake[1]: *** [CMakeFiles/Makefile2:221: CMakeFiles/isolating_bearing.dir/all] Error 2
[5.848s] gmake: *** [Makefile:146: all] Error 2
[5.850s] Invoked command in '/home/t-lemmel/Aquabot_Tom/build/test_float' returned '2': CMAKE_PREFIX_PATH=${CMAKE_PREFIX_PATH}:/opt/ros/humble PS1_ori=\[\e]0;\u@\h: \w\a\]${debian_chroot:+($debian_chroot)}\[\033[01;32m\]\u@\h\[\033[00m\]:\[\033[01;34m\]\w\[\033[00m\]\$ /usr/bin/cmake --build /home/t-lemmel/Aquabot_Tom/build/test_float -- -j8 -l8
