[01m[K/home/t-lemmel/Aquabot_Tom/test/test_float/src/publisher_float.cpp:46:55:[m[K [01;31m[Kerror: [m[Ktemplate argument 1 is invalid
   46 |   rclcpp::Publisher<std_msgs::msg::Float64::SharedPtr [01;31m[Kpublisher_[m[K;
      |                                                       [01;31m[K^~~~~~~~~~[m[K
[01m[K/home/t-lemmel/Aquabot_Tom/test/test_float/src/publisher_float.cpp:[m[K In constructor â€˜[01m[KMinimalPublisher::MinimalPublisher()[m[Kâ€™:
[01m[K/home/t-lemmel/Aquabot_Tom/test/test_float/src/publisher_float.cpp:32:5:[m[K [01;31m[Kerror: [m[Kâ€˜[01m[Kpublisher_[m[Kâ€™ was not declared in this scope; did you mean â€˜[01m[Krmw_publisher_t[m[Kâ€™?
   32 |     [01;31m[Kpublisher_[m[K = this->create_publisher<std_msgs::msg::Float64>("topic", 10);
      |     [01;31m[K^~~~~~~~~~[m[K
      |     [32m[Krmw_publisher_t[m[K
[01m[K/home/t-lemmel/Aquabot_Tom/test/test_float/src/publisher_float.cpp:[m[K In member function â€˜[01m[Kvoid MinimalPublisher::timer_callback()[m[Kâ€™:
[01m[K/home/t-lemmel/Aquabot_Tom/test/test_float/src/publisher_float.cpp:43:5:[m[K [01;31m[Kerror: [m[Kâ€˜[01m[Kpublisher_[m[Kâ€™ was not declared in this scope; did you mean â€˜[01m[Krmw_publisher_t[m[Kâ€™?
   43 |     [01;31m[Kpublisher_[m[K->publish(message);
      |     [01;31m[K^~~~~~~~~~[m[K
      |     [32m[Krmw_publisher_t[m[K
gmake[2]: *** [CMakeFiles/talkerfloat.dir/build.make:76: CMakeFiles/talkerfloat.dir/src/publisher_float.cpp.o] Error 1
gmake[1]: *** [CMakeFiles/Makefile2:139: CMakeFiles/talkerfloat.dir/all] Error 2
gmake: *** [Makefile:146: all] Error 2
